The system is: Linux - 3.10.0-693.17.1.el7.centos.plus.i686 - i686
Compiling the C compiler identification source file "CMakeCCompilerId.c" succeeded.
Compiler: /usr/bin/cc 
Build flags: 
Id flags:  

The output was:
0


Compilation of the C compiler identification source "CMakeCCompilerId.c" produced "a.out"

The C compiler identification is GNU, found in "/home/jifukui/leveldb/leveldb/CMakeFiles/3.13.0-rc3/CompilerIdC/a.out"

Compiling the CXX compiler identification source file "CMakeCXXCompilerId.cpp" succeeded.
Compiler: /usr/bin/c++ 
Build flags: 
Id flags:  

The output was:
0


Compilation of the CXX compiler identification source "CMakeCXXCompilerId.cpp" produced "a.out"

The CXX compiler identification is GNU, found in "/home/jifukui/leveldb/leveldb/CMakeFiles/3.13.0-rc3/CompilerIdCXX/a.out"

Determining if the C compiler works passed with the following output:
Change Dir: /home/jifukui/leveldb/leveldb/CMakeFiles/CMakeTmp

Run Build Command:"/usr/bin/gmake" "cmTC_03c95/fast"
/usr/bin/gmake -f CMakeFiles/cmTC_03c95.dir/build.make CMakeFiles/cmTC_03c95.dir/build
gmake[1]: 进入目录“/home/jifukui/leveldb/leveldb/CMakeFiles/CMakeTmp”
Building C object CMakeFiles/cmTC_03c95.dir/testCCompiler.c.o
/usr/bin/cc    -o CMakeFiles/cmTC_03c95.dir/testCCompiler.c.o   -c /home/jifukui/leveldb/leveldb/CMakeFiles/CMakeTmp/testCCompiler.c
Linking C executable cmTC_03c95
/usr/local/bin/cmake -E cmake_link_script CMakeFiles/cmTC_03c95.dir/link.txt --verbose=1
/usr/bin/cc      CMakeFiles/cmTC_03c95.dir/testCCompiler.c.o  -o cmTC_03c95 
gmake[1]: 离开目录“/home/jifukui/leveldb/leveldb/CMakeFiles/CMakeTmp”


Detecting C compiler ABI info compiled with the following output:
Change Dir: /home/jifukui/leveldb/leveldb/CMakeFiles/CMakeTmp

Run Build Command:"/usr/bin/gmake" "cmTC_9b5d6/fast"
/usr/bin/gmake -f CMakeFiles/cmTC_9b5d6.dir/build.make CMakeFiles/cmTC_9b5d6.dir/build
gmake[1]: 进入目录“/home/jifukui/leveldb/leveldb/CMakeFiles/CMakeTmp”
Building C object CMakeFiles/cmTC_9b5d6.dir/CMakeCCompilerABI.c.o
/usr/bin/cc    -o CMakeFiles/cmTC_9b5d6.dir/CMakeCCompilerABI.c.o   -c /usr/local/share/cmake-3.13/Modules/CMakeCCompilerABI.c
Linking C executable cmTC_9b5d6
/usr/local/bin/cmake -E cmake_link_script CMakeFiles/cmTC_9b5d6.dir/link.txt --verbose=1
/usr/bin/cc     -v CMakeFiles/cmTC_9b5d6.dir/CMakeCCompilerABI.c.o  -o cmTC_9b5d6 
使用内建 specs。
COLLECT_GCC=/usr/bin/cc
COLLECT_LTO_WRAPPER=/usr/libexec/gcc/i686-redhat-linux/4.8.5/lto-wrapper
目标：i686-redhat-linux
配置为：../configure --prefix=/usr --mandir=/usr/share/man --infodir=/usr/share/info --with-bugurl=http://bugzilla.redhat.com/bugzilla --enable-bootstrap --enable-shared --enable-threads=posix --enable-checking=release --with-system-zlib --enable-__cxa_atexit --disable-libunwind-exceptions --enable-gnu-unique-object --enable-linker-build-id --with-linker-hash-style=gnu --enable-languages=c,c++,objc,obj-c++,java,fortran,ada,go,lto --enable-plugin --enable-initfini-array --disable-libgcj --with-isl=/builddir/build/BUILD/gcc-4.8.5-20150702/obj-i686-redhat-linux/isl-install --with-cloog=/builddir/build/BUILD/gcc-4.8.5-20150702/obj-i686-redhat-linux/cloog-install --enable-gnu-indirect-function --with-tune=generic --with-arch=x86-64 --build=i686-redhat-linux
线程模型：posix
gcc 版本 4.8.5 20150623 (Red Hat 4.8.5-16) (GCC) 
COMPILER_PATH=/usr/libexec/gcc/i686-redhat-linux/4.8.5/:/usr/libexec/gcc/i686-redhat-linux/4.8.5/:/usr/libexec/gcc/i686-redhat-linux/:/usr/lib/gcc/i686-redhat-linux/4.8.5/:/usr/lib/gcc/i686-redhat-linux/
LIBRARY_PATH=/usr/lib/gcc/i686-redhat-linux/4.8.5/:/usr/lib/gcc/i686-redhat-linux/4.8.5/../../../:/lib/:/usr/lib/
COLLECT_GCC_OPTIONS='-v' '-o' 'cmTC_9b5d6' '-mtune=generic' '-march=x86-64'
 /usr/libexec/gcc/i686-redhat-linux/4.8.5/collect2 --build-id --no-add-needed --eh-frame-hdr --hash-style=gnu -m elf_i386 -dynamic-linker /lib/ld-linux.so.2 -o cmTC_9b5d6 /usr/lib/gcc/i686-redhat-linux/4.8.5/../../../crt1.o /usr/lib/gcc/i686-redhat-linux/4.8.5/../../../crti.o /usr/lib/gcc/i686-redhat-linux/4.8.5/crtbegin.o -L/usr/lib/gcc/i686-redhat-linux/4.8.5 -L/usr/lib/gcc/i686-redhat-linux/4.8.5/../../.. CMakeFiles/cmTC_9b5d6.dir/CMakeCCompilerABI.c.o -lgcc --as-needed -lgcc_s --no-as-needed -lc -lgcc --as-needed -lgcc_s --no-as-needed /usr/lib/gcc/i686-redhat-linux/4.8.5/crtend.o /usr/lib/gcc/i686-redhat-linux/4.8.5/../../../crtn.o
gmake[1]: 离开目录“/home/jifukui/leveldb/leveldb/CMakeFiles/CMakeTmp”


Parsed C implicit link information from above output:
  link line regex: [^( *|.*[/\])(ld|CMAKE_LINK_STARTFILE-NOTFOUND|([^/\]+-)?ld|collect2)[^/\]*( |$)]
  ignore line: [Change Dir: /home/jifukui/leveldb/leveldb/CMakeFiles/CMakeTmp]
  ignore line: []
  ignore line: [Run Build Command:"/usr/bin/gmake" "cmTC_9b5d6/fast"]
  ignore line: [/usr/bin/gmake -f CMakeFiles/cmTC_9b5d6.dir/build.make CMakeFiles/cmTC_9b5d6.dir/build]
  ignore line: [gmake[1]: 进入目录“/home/jifukui/leveldb/leveldb/CMakeFiles/CMakeTmp”]
  ignore line: [Building C object CMakeFiles/cmTC_9b5d6.dir/CMakeCCompilerABI.c.o]
  ignore line: [/usr/bin/cc    -o CMakeFiles/cmTC_9b5d6.dir/CMakeCCompilerABI.c.o   -c /usr/local/share/cmake-3.13/Modules/CMakeCCompilerABI.c]
  ignore line: [Linking C executable cmTC_9b5d6]
  ignore line: [/usr/local/bin/cmake -E cmake_link_script CMakeFiles/cmTC_9b5d6.dir/link.txt --verbose=1]
  ignore line: [/usr/bin/cc     -v CMakeFiles/cmTC_9b5d6.dir/CMakeCCompilerABI.c.o  -o cmTC_9b5d6 ]
  ignore line: [使用内建 specs。]
  ignore line: [COLLECT_GCC=/usr/bin/cc]
  ignore line: [COLLECT_LTO_WRAPPER=/usr/libexec/gcc/i686-redhat-linux/4.8.5/lto-wrapper]
  ignore line: [目标：i686-redhat-linux]
  ignore line: [配置为：../configure --prefix=/usr --mandir=/usr/share/man --infodir=/usr/share/info --with-bugurl=http://bugzilla.redhat.com/bugzilla --enable-bootstrap --enable-shared --enable-threads=posix --enable-checking=release --with-system-zlib --enable-__cxa_atexit --disable-libunwind-exceptions --enable-gnu-unique-object --enable-linker-build-id --with-linker-hash-style=gnu --enable-languages=c,c++,objc,obj-c++,java,fortran,ada,go,lto --enable-plugin --enable-initfini-array --disable-libgcj --with-isl=/builddir/build/BUILD/gcc-4.8.5-20150702/obj-i686-redhat-linux/isl-install --with-cloog=/builddir/build/BUILD/gcc-4.8.5-20150702/obj-i686-redhat-linux/cloog-install --enable-gnu-indirect-function --with-tune=generic --with-arch=x86-64 --build=i686-redhat-linux]
  ignore line: [线程模型：posix]
  ignore line: [gcc 版本 4.8.5 20150623 (Red Hat 4.8.5-16) (GCC) ]
  ignore line: [COMPILER_PATH=/usr/libexec/gcc/i686-redhat-linux/4.8.5/:/usr/libexec/gcc/i686-redhat-linux/4.8.5/:/usr/libexec/gcc/i686-redhat-linux/:/usr/lib/gcc/i686-redhat-linux/4.8.5/:/usr/lib/gcc/i686-redhat-linux/]
  ignore line: [LIBRARY_PATH=/usr/lib/gcc/i686-redhat-linux/4.8.5/:/usr/lib/gcc/i686-redhat-linux/4.8.5/../../../:/lib/:/usr/lib/]
  ignore line: [COLLECT_GCC_OPTIONS='-v' '-o' 'cmTC_9b5d6' '-mtune=generic' '-march=x86-64']
  link line: [ /usr/libexec/gcc/i686-redhat-linux/4.8.5/collect2 --build-id --no-add-needed --eh-frame-hdr --hash-style=gnu -m elf_i386 -dynamic-linker /lib/ld-linux.so.2 -o cmTC_9b5d6 /usr/lib/gcc/i686-redhat-linux/4.8.5/../../../crt1.o /usr/lib/gcc/i686-redhat-linux/4.8.5/../../../crti.o /usr/lib/gcc/i686-redhat-linux/4.8.5/crtbegin.o -L/usr/lib/gcc/i686-redhat-linux/4.8.5 -L/usr/lib/gcc/i686-redhat-linux/4.8.5/../../.. CMakeFiles/cmTC_9b5d6.dir/CMakeCCompilerABI.c.o -lgcc --as-needed -lgcc_s --no-as-needed -lc -lgcc --as-needed -lgcc_s --no-as-needed /usr/lib/gcc/i686-redhat-linux/4.8.5/crtend.o /usr/lib/gcc/i686-redhat-linux/4.8.5/../../../crtn.o]
    arg [/usr/libexec/gcc/i686-redhat-linux/4.8.5/collect2] ==> ignore
    arg [--build-id] ==> ignore
    arg [--no-add-needed] ==> ignore
    arg [--eh-frame-hdr] ==> ignore
    arg [--hash-style=gnu] ==> ignore
    arg [-m] ==> ignore
    arg [elf_i386] ==> ignore
    arg [-dynamic-linker] ==> ignore
    arg [/lib/ld-linux.so.2] ==> ignore
    arg [-o] ==> ignore
    arg [cmTC_9b5d6] ==> ignore
    arg [/usr/lib/gcc/i686-redhat-linux/4.8.5/../../../crt1.o] ==> ignore
    arg [/usr/lib/gcc/i686-redhat-linux/4.8.5/../../../crti.o] ==> ignore
    arg [/usr/lib/gcc/i686-redhat-linux/4.8.5/crtbegin.o] ==> ignore
    arg [-L/usr/lib/gcc/i686-redhat-linux/4.8.5] ==> dir [/usr/lib/gcc/i686-redhat-linux/4.8.5]
    arg [-L/usr/lib/gcc/i686-redhat-linux/4.8.5/../../..] ==> dir [/usr/lib/gcc/i686-redhat-linux/4.8.5/../../..]
    arg [CMakeFiles/cmTC_9b5d6.dir/CMakeCCompilerABI.c.o] ==> ignore
    arg [-lgcc] ==> lib [gcc]
    arg [--as-needed] ==> ignore
    arg [-lgcc_s] ==> lib [gcc_s]
    arg [--no-as-needed] ==> ignore
    arg [-lc] ==> lib [c]
    arg [-lgcc] ==> lib [gcc]
    arg [--as-needed] ==> ignore
    arg [-lgcc_s] ==> lib [gcc_s]
    arg [--no-as-needed] ==> ignore
    arg [/usr/lib/gcc/i686-redhat-linux/4.8.5/crtend.o] ==> ignore
    arg [/usr/lib/gcc/i686-redhat-linux/4.8.5/../../../crtn.o] ==> ignore
  collapse library dir [/usr/lib/gcc/i686-redhat-linux/4.8.5] ==> [/usr/lib/gcc/i686-redhat-linux/4.8.5]
  collapse library dir [/usr/lib/gcc/i686-redhat-linux/4.8.5/../../..] ==> [/usr/lib]
  implicit libs: [gcc;gcc_s;c;gcc;gcc_s]
  implicit dirs: [/usr/lib/gcc/i686-redhat-linux/4.8.5;/usr/lib]
  implicit fwks: []




Detecting C [-std=c11] compiler features compiled with the following output:
Change Dir: /home/jifukui/leveldb/leveldb/CMakeFiles/CMakeTmp

Run Build Command:"/usr/bin/gmake" "cmTC_a3303/fast"
/usr/bin/gmake -f CMakeFiles/cmTC_a3303.dir/build.make CMakeFiles/cmTC_a3303.dir/build
gmake[1]: 进入目录“/home/jifukui/leveldb/leveldb/CMakeFiles/CMakeTmp”
Building C object CMakeFiles/cmTC_a3303.dir/feature_tests.c.o
/usr/bin/cc   -std=c11 -o CMakeFiles/cmTC_a3303.dir/feature_tests.c.o   -c /home/jifukui/leveldb/leveldb/CMakeFiles/feature_tests.c
Linking C executable cmTC_a3303
/usr/local/bin/cmake -E cmake_link_script CMakeFiles/cmTC_a3303.dir/link.txt --verbose=1
/usr/bin/cc      CMakeFiles/cmTC_a3303.dir/feature_tests.c.o  -o cmTC_a3303 
gmake[1]: 离开目录“/home/jifukui/leveldb/leveldb/CMakeFiles/CMakeTmp”


    Feature record: C_FEATURE:1c_function_prototypes
    Feature record: C_FEATURE:1c_restrict
    Feature record: C_FEATURE:1c_static_assert
    Feature record: C_FEATURE:1c_variadic_macros


Detecting C [-std=c99] compiler features compiled with the following output:
Change Dir: /home/jifukui/leveldb/leveldb/CMakeFiles/CMakeTmp

Run Build Command:"/usr/bin/gmake" "cmTC_c555d/fast"
/usr/bin/gmake -f CMakeFiles/cmTC_c555d.dir/build.make CMakeFiles/cmTC_c555d.dir/build
gmake[1]: 进入目录“/home/jifukui/leveldb/leveldb/CMakeFiles/CMakeTmp”
Building C object CMakeFiles/cmTC_c555d.dir/feature_tests.c.o
/usr/bin/cc   -std=c99 -o CMakeFiles/cmTC_c555d.dir/feature_tests.c.o   -c /home/jifukui/leveldb/leveldb/CMakeFiles/feature_tests.c
Linking C executable cmTC_c555d
/usr/local/bin/cmake -E cmake_link_script CMakeFiles/cmTC_c555d.dir/link.txt --verbose=1
/usr/bin/cc      CMakeFiles/cmTC_c555d.dir/feature_tests.c.o  -o cmTC_c555d 
gmake[1]: 离开目录“/home/jifukui/leveldb/leveldb/CMakeFiles/CMakeTmp”


    Feature record: C_FEATURE:1c_function_prototypes
    Feature record: C_FEATURE:1c_restrict
    Feature record: C_FEATURE:0c_static_assert
    Feature record: C_FEATURE:1c_variadic_macros


Detecting C [-std=c90] compiler features compiled with the following output:
Change Dir: /home/jifukui/leveldb/leveldb/CMakeFiles/CMakeTmp

Run Build Command:"/usr/bin/gmake" "cmTC_8cd90/fast"
/usr/bin/gmake -f CMakeFiles/cmTC_8cd90.dir/build.make CMakeFiles/cmTC_8cd90.dir/build
gmake[1]: 进入目录“/home/jifukui/leveldb/leveldb/CMakeFiles/CMakeTmp”
Building C object CMakeFiles/cmTC_8cd90.dir/feature_tests.c.o
/usr/bin/cc   -std=c90 -o CMakeFiles/cmTC_8cd90.dir/feature_tests.c.o   -c /home/jifukui/leveldb/leveldb/CMakeFiles/feature_tests.c
Linking C executable cmTC_8cd90
/usr/local/bin/cmake -E cmake_link_script CMakeFiles/cmTC_8cd90.dir/link.txt --verbose=1
/usr/bin/cc      CMakeFiles/cmTC_8cd90.dir/feature_tests.c.o  -o cmTC_8cd90 
gmake[1]: 离开目录“/home/jifukui/leveldb/leveldb/CMakeFiles/CMakeTmp”


    Feature record: C_FEATURE:1c_function_prototypes
    Feature record: C_FEATURE:0c_restrict
    Feature record: C_FEATURE:0c_static_assert
    Feature record: C_FEATURE:0c_variadic_macros
Determining if the CXX compiler works passed with the following output:
Change Dir: /home/jifukui/leveldb/leveldb/CMakeFiles/CMakeTmp

Run Build Command:"/usr/bin/gmake" "cmTC_07153/fast"
/usr/bin/gmake -f CMakeFiles/cmTC_07153.dir/build.make CMakeFiles/cmTC_07153.dir/build
gmake[1]: 进入目录“/home/jifukui/leveldb/leveldb/CMakeFiles/CMakeTmp”
Building CXX object CMakeFiles/cmTC_07153.dir/testCXXCompiler.cxx.o
/usr/bin/c++     -o CMakeFiles/cmTC_07153.dir/testCXXCompiler.cxx.o -c /home/jifukui/leveldb/leveldb/CMakeFiles/CMakeTmp/testCXXCompiler.cxx
Linking CXX executable cmTC_07153
/usr/local/bin/cmake -E cmake_link_script CMakeFiles/cmTC_07153.dir/link.txt --verbose=1
/usr/bin/c++       CMakeFiles/cmTC_07153.dir/testCXXCompiler.cxx.o  -o cmTC_07153 
gmake[1]: 离开目录“/home/jifukui/leveldb/leveldb/CMakeFiles/CMakeTmp”


Detecting CXX compiler ABI info compiled with the following output:
Change Dir: /home/jifukui/leveldb/leveldb/CMakeFiles/CMakeTmp

Run Build Command:"/usr/bin/gmake" "cmTC_117a5/fast"
/usr/bin/gmake -f CMakeFiles/cmTC_117a5.dir/build.make CMakeFiles/cmTC_117a5.dir/build
gmake[1]: 进入目录“/home/jifukui/leveldb/leveldb/CMakeFiles/CMakeTmp”
Building CXX object CMakeFiles/cmTC_117a5.dir/CMakeCXXCompilerABI.cpp.o
/usr/bin/c++     -o CMakeFiles/cmTC_117a5.dir/CMakeCXXCompilerABI.cpp.o -c /usr/local/share/cmake-3.13/Modules/CMakeCXXCompilerABI.cpp
Linking CXX executable cmTC_117a5
/usr/local/bin/cmake -E cmake_link_script CMakeFiles/cmTC_117a5.dir/link.txt --verbose=1
/usr/bin/c++      -v CMakeFiles/cmTC_117a5.dir/CMakeCXXCompilerABI.cpp.o  -o cmTC_117a5 
使用内建 specs。
COLLECT_GCC=/usr/bin/c++
COLLECT_LTO_WRAPPER=/usr/libexec/gcc/i686-redhat-linux/4.8.5/lto-wrapper
目标：i686-redhat-linux
配置为：../configure --prefix=/usr --mandir=/usr/share/man --infodir=/usr/share/info --with-bugurl=http://bugzilla.redhat.com/bugzilla --enable-bootstrap --enable-shared --enable-threads=posix --enable-checking=release --with-system-zlib --enable-__cxa_atexit --disable-libunwind-exceptions --enable-gnu-unique-object --enable-linker-build-id --with-linker-hash-style=gnu --enable-languages=c,c++,objc,obj-c++,java,fortran,ada,go,lto --enable-plugin --enable-initfini-array --disable-libgcj --with-isl=/builddir/build/BUILD/gcc-4.8.5-20150702/obj-i686-redhat-linux/isl-install --with-cloog=/builddir/build/BUILD/gcc-4.8.5-20150702/obj-i686-redhat-linux/cloog-install --enable-gnu-indirect-function --with-tune=generic --with-arch=x86-64 --build=i686-redhat-linux
线程模型：posix
gcc 版本 4.8.5 20150623 (Red Hat 4.8.5-16) (GCC) 
COMPILER_PATH=/usr/libexec/gcc/i686-redhat-linux/4.8.5/:/usr/libexec/gcc/i686-redhat-linux/4.8.5/:/usr/libexec/gcc/i686-redhat-linux/:/usr/lib/gcc/i686-redhat-linux/4.8.5/:/usr/lib/gcc/i686-redhat-linux/
LIBRARY_PATH=/usr/lib/gcc/i686-redhat-linux/4.8.5/:/usr/lib/gcc/i686-redhat-linux/4.8.5/../../../:/lib/:/usr/lib/
COLLECT_GCC_OPTIONS='-v' '-o' 'cmTC_117a5' '-shared-libgcc' '-mtune=generic' '-march=x86-64'
 /usr/libexec/gcc/i686-redhat-linux/4.8.5/collect2 --build-id --no-add-needed --eh-frame-hdr --hash-style=gnu -m elf_i386 -dynamic-linker /lib/ld-linux.so.2 -o cmTC_117a5 /usr/lib/gcc/i686-redhat-linux/4.8.5/../../../crt1.o /usr/lib/gcc/i686-redhat-linux/4.8.5/../../../crti.o /usr/lib/gcc/i686-redhat-linux/4.8.5/crtbegin.o -L/usr/lib/gcc/i686-redhat-linux/4.8.5 -L/usr/lib/gcc/i686-redhat-linux/4.8.5/../../.. CMakeFiles/cmTC_117a5.dir/CMakeCXXCompilerABI.cpp.o -lstdc++ -lm -lgcc_s -lgcc -lc -lgcc_s -lgcc /usr/lib/gcc/i686-redhat-linux/4.8.5/crtend.o /usr/lib/gcc/i686-redhat-linux/4.8.5/../../../crtn.o
gmake[1]: 离开目录“/home/jifukui/leveldb/leveldb/CMakeFiles/CMakeTmp”


Parsed CXX implicit link information from above output:
  link line regex: [^( *|.*[/\])(ld|CMAKE_LINK_STARTFILE-NOTFOUND|([^/\]+-)?ld|collect2)[^/\]*( |$)]
  ignore line: [Change Dir: /home/jifukui/leveldb/leveldb/CMakeFiles/CMakeTmp]
  ignore line: []
  ignore line: [Run Build Command:"/usr/bin/gmake" "cmTC_117a5/fast"]
  ignore line: [/usr/bin/gmake -f CMakeFiles/cmTC_117a5.dir/build.make CMakeFiles/cmTC_117a5.dir/build]
  ignore line: [gmake[1]: 进入目录“/home/jifukui/leveldb/leveldb/CMakeFiles/CMakeTmp”]
  ignore line: [Building CXX object CMakeFiles/cmTC_117a5.dir/CMakeCXXCompilerABI.cpp.o]
  ignore line: [/usr/bin/c++     -o CMakeFiles/cmTC_117a5.dir/CMakeCXXCompilerABI.cpp.o -c /usr/local/share/cmake-3.13/Modules/CMakeCXXCompilerABI.cpp]
  ignore line: [Linking CXX executable cmTC_117a5]
  ignore line: [/usr/local/bin/cmake -E cmake_link_script CMakeFiles/cmTC_117a5.dir/link.txt --verbose=1]
  ignore line: [/usr/bin/c++      -v CMakeFiles/cmTC_117a5.dir/CMakeCXXCompilerABI.cpp.o  -o cmTC_117a5 ]
  ignore line: [使用内建 specs。]
  ignore line: [COLLECT_GCC=/usr/bin/c++]
  ignore line: [COLLECT_LTO_WRAPPER=/usr/libexec/gcc/i686-redhat-linux/4.8.5/lto-wrapper]
  ignore line: [目标：i686-redhat-linux]
  ignore line: [配置为：../configure --prefix=/usr --mandir=/usr/share/man --infodir=/usr/share/info --with-bugurl=http://bugzilla.redhat.com/bugzilla --enable-bootstrap --enable-shared --enable-threads=posix --enable-checking=release --with-system-zlib --enable-__cxa_atexit --disable-libunwind-exceptions --enable-gnu-unique-object --enable-linker-build-id --with-linker-hash-style=gnu --enable-languages=c,c++,objc,obj-c++,java,fortran,ada,go,lto --enable-plugin --enable-initfini-array --disable-libgcj --with-isl=/builddir/build/BUILD/gcc-4.8.5-20150702/obj-i686-redhat-linux/isl-install --with-cloog=/builddir/build/BUILD/gcc-4.8.5-20150702/obj-i686-redhat-linux/cloog-install --enable-gnu-indirect-function --with-tune=generic --with-arch=x86-64 --build=i686-redhat-linux]
  ignore line: [线程模型：posix]
  ignore line: [gcc 版本 4.8.5 20150623 (Red Hat 4.8.5-16) (GCC) ]
  ignore line: [COMPILER_PATH=/usr/libexec/gcc/i686-redhat-linux/4.8.5/:/usr/libexec/gcc/i686-redhat-linux/4.8.5/:/usr/libexec/gcc/i686-redhat-linux/:/usr/lib/gcc/i686-redhat-linux/4.8.5/:/usr/lib/gcc/i686-redhat-linux/]
  ignore line: [LIBRARY_PATH=/usr/lib/gcc/i686-redhat-linux/4.8.5/:/usr/lib/gcc/i686-redhat-linux/4.8.5/../../../:/lib/:/usr/lib/]
  ignore line: [COLLECT_GCC_OPTIONS='-v' '-o' 'cmTC_117a5' '-shared-libgcc' '-mtune=generic' '-march=x86-64']
  link line: [ /usr/libexec/gcc/i686-redhat-linux/4.8.5/collect2 --build-id --no-add-needed --eh-frame-hdr --hash-style=gnu -m elf_i386 -dynamic-linker /lib/ld-linux.so.2 -o cmTC_117a5 /usr/lib/gcc/i686-redhat-linux/4.8.5/../../../crt1.o /usr/lib/gcc/i686-redhat-linux/4.8.5/../../../crti.o /usr/lib/gcc/i686-redhat-linux/4.8.5/crtbegin.o -L/usr/lib/gcc/i686-redhat-linux/4.8.5 -L/usr/lib/gcc/i686-redhat-linux/4.8.5/../../.. CMakeFiles/cmTC_117a5.dir/CMakeCXXCompilerABI.cpp.o -lstdc++ -lm -lgcc_s -lgcc -lc -lgcc_s -lgcc /usr/lib/gcc/i686-redhat-linux/4.8.5/crtend.o /usr/lib/gcc/i686-redhat-linux/4.8.5/../../../crtn.o]
    arg [/usr/libexec/gcc/i686-redhat-linux/4.8.5/collect2] ==> ignore
    arg [--build-id] ==> ignore
    arg [--no-add-needed] ==> ignore
    arg [--eh-frame-hdr] ==> ignore
    arg [--hash-style=gnu] ==> ignore
    arg [-m] ==> ignore
    arg [elf_i386] ==> ignore
    arg [-dynamic-linker] ==> ignore
    arg [/lib/ld-linux.so.2] ==> ignore
    arg [-o] ==> ignore
    arg [cmTC_117a5] ==> ignore
    arg [/usr/lib/gcc/i686-redhat-linux/4.8.5/../../../crt1.o] ==> ignore
    arg [/usr/lib/gcc/i686-redhat-linux/4.8.5/../../../crti.o] ==> ignore
    arg [/usr/lib/gcc/i686-redhat-linux/4.8.5/crtbegin.o] ==> ignore
    arg [-L/usr/lib/gcc/i686-redhat-linux/4.8.5] ==> dir [/usr/lib/gcc/i686-redhat-linux/4.8.5]
    arg [-L/usr/lib/gcc/i686-redhat-linux/4.8.5/../../..] ==> dir [/usr/lib/gcc/i686-redhat-linux/4.8.5/../../..]
    arg [CMakeFiles/cmTC_117a5.dir/CMakeCXXCompilerABI.cpp.o] ==> ignore
    arg [-lstdc++] ==> lib [stdc++]
    arg [-lm] ==> lib [m]
    arg [-lgcc_s] ==> lib [gcc_s]
    arg [-lgcc] ==> lib [gcc]
    arg [-lc] ==> lib [c]
    arg [-lgcc_s] ==> lib [gcc_s]
    arg [-lgcc] ==> lib [gcc]
    arg [/usr/lib/gcc/i686-redhat-linux/4.8.5/crtend.o] ==> ignore
    arg [/usr/lib/gcc/i686-redhat-linux/4.8.5/../../../crtn.o] ==> ignore
  collapse library dir [/usr/lib/gcc/i686-redhat-linux/4.8.5] ==> [/usr/lib/gcc/i686-redhat-linux/4.8.5]
  collapse library dir [/usr/lib/gcc/i686-redhat-linux/4.8.5/../../..] ==> [/usr/lib]
  implicit libs: [stdc++;m;gcc_s;gcc;c;gcc_s;gcc]
  implicit dirs: [/usr/lib/gcc/i686-redhat-linux/4.8.5;/usr/lib]
  implicit fwks: []




Detecting CXX [-std=c++1y] compiler features compiled with the following output:
Change Dir: /home/jifukui/leveldb/leveldb/CMakeFiles/CMakeTmp

Run Build Command:"/usr/bin/gmake" "cmTC_e2fb9/fast"
/usr/bin/gmake -f CMakeFiles/cmTC_e2fb9.dir/build.make CMakeFiles/cmTC_e2fb9.dir/build
gmake[1]: 进入目录“/home/jifukui/leveldb/leveldb/CMakeFiles/CMakeTmp”
Building CXX object CMakeFiles/cmTC_e2fb9.dir/feature_tests.cxx.o
/usr/bin/c++    -std=c++1y -o CMakeFiles/cmTC_e2fb9.dir/feature_tests.cxx.o -c /home/jifukui/leveldb/leveldb/CMakeFiles/feature_tests.cxx
Linking CXX executable cmTC_e2fb9
/usr/local/bin/cmake -E cmake_link_script CMakeFiles/cmTC_e2fb9.dir/link.txt --verbose=1
/usr/bin/c++       CMakeFiles/cmTC_e2fb9.dir/feature_tests.cxx.o  -o cmTC_e2fb9 
gmake[1]: 离开目录“/home/jifukui/leveldb/leveldb/CMakeFiles/CMakeTmp”


    Feature record: CXX_FEATURE:0cxx_aggregate_default_initializers
    Feature record: CXX_FEATURE:1cxx_alias_templates
    Feature record: CXX_FEATURE:1cxx_alignas
    Feature record: CXX_FEATURE:1cxx_alignof
    Feature record: CXX_FEATURE:1cxx_attributes
    Feature record: CXX_FEATURE:0cxx_attribute_deprecated
    Feature record: CXX_FEATURE:1cxx_auto_type
    Feature record: CXX_FEATURE:0cxx_binary_literals
    Feature record: CXX_FEATURE:1cxx_constexpr
    Feature record: CXX_FEATURE:0cxx_contextual_conversions
    Feature record: CXX_FEATURE:1cxx_decltype
    Feature record: CXX_FEATURE:0cxx_decltype_auto
    Feature record: CXX_FEATURE:1cxx_decltype_incomplete_return_types
    Feature record: CXX_FEATURE:1cxx_default_function_template_args
    Feature record: CXX_FEATURE:1cxx_defaulted_functions
    Feature record: CXX_FEATURE:1cxx_defaulted_move_initializers
    Feature record: CXX_FEATURE:1cxx_delegating_constructors
    Feature record: CXX_FEATURE:1cxx_deleted_functions
    Feature record: CXX_FEATURE:0cxx_digit_separators
    Feature record: CXX_FEATURE:1cxx_enum_forward_declarations
    Feature record: CXX_FEATURE:1cxx_explicit_conversions
    Feature record: CXX_FEATURE:1cxx_extended_friend_declarations
    Feature record: CXX_FEATURE:1cxx_extern_templates
    Feature record: CXX_FEATURE:1cxx_final
    Feature record: CXX_FEATURE:1cxx_func_identifier
    Feature record: CXX_FEATURE:1cxx_generalized_initializers
    Feature record: CXX_FEATURE:0cxx_generic_lambdas
    Feature record: CXX_FEATURE:1cxx_inheriting_constructors
    Feature record: CXX_FEATURE:1cxx_inline_namespaces
    Feature record: CXX_FEATURE:1cxx_lambdas
    Feature record: CXX_FEATURE:0cxx_lambda_init_captures
    Feature record: CXX_FEATURE:1cxx_local_type_template_args
    Feature record: CXX_FEATURE:1cxx_long_long_type
    Feature record: CXX_FEATURE:1cxx_noexcept
    Feature record: CXX_FEATURE:1cxx_nonstatic_member_init
    Feature record: CXX_FEATURE:1cxx_nullptr
    Feature record: CXX_FEATURE:1cxx_override
    Feature record: CXX_FEATURE:1cxx_range_for
    Feature record: CXX_FEATURE:1cxx_raw_string_literals
    Feature record: CXX_FEATURE:1cxx_reference_qualified_functions
    Feature record: CXX_FEATURE:0cxx_relaxed_constexpr
    Feature record: CXX_FEATURE:0cxx_return_type_deduction
    Feature record: CXX_FEATURE:1cxx_right_angle_brackets
    Feature record: CXX_FEATURE:1cxx_rvalue_references
    Feature record: CXX_FEATURE:1cxx_sizeof_member
    Feature record: CXX_FEATURE:1cxx_static_assert
    Feature record: CXX_FEATURE:1cxx_strong_enums
    Feature record: CXX_FEATURE:1cxx_template_template_parameters
    Feature record: CXX_FEATURE:1cxx_thread_local
    Feature record: CXX_FEATURE:1cxx_trailing_return_types
    Feature record: CXX_FEATURE:1cxx_unicode_literals
    Feature record: CXX_FEATURE:1cxx_uniform_initialization
    Feature record: CXX_FEATURE:1cxx_unrestricted_unions
    Feature record: CXX_FEATURE:1cxx_user_literals
    Feature record: CXX_FEATURE:0cxx_variable_templates
    Feature record: CXX_FEATURE:1cxx_variadic_macros
    Feature record: CXX_FEATURE:1cxx_variadic_templates


Detecting CXX [-std=c++11] compiler features compiled with the following output:
Change Dir: /home/jifukui/leveldb/leveldb/CMakeFiles/CMakeTmp

Run Build Command:"/usr/bin/gmake" "cmTC_d157a/fast"
/usr/bin/gmake -f CMakeFiles/cmTC_d157a.dir/build.make CMakeFiles/cmTC_d157a.dir/build
gmake[1]: 进入目录“/home/jifukui/leveldb/leveldb/CMakeFiles/CMakeTmp”
Building CXX object CMakeFiles/cmTC_d157a.dir/feature_tests.cxx.o
/usr/bin/c++    -std=c++11 -o CMakeFiles/cmTC_d157a.dir/feature_tests.cxx.o -c /home/jifukui/leveldb/leveldb/CMakeFiles/feature_tests.cxx
Linking CXX executable cmTC_d157a
/usr/local/bin/cmake -E cmake_link_script CMakeFiles/cmTC_d157a.dir/link.txt --verbose=1
/usr/bin/c++       CMakeFiles/cmTC_d157a.dir/feature_tests.cxx.o  -o cmTC_d157a 
gmake[1]: 离开目录“/home/jifukui/leveldb/leveldb/CMakeFiles/CMakeTmp”


    Feature record: CXX_FEATURE:0cxx_aggregate_default_initializers
    Feature record: CXX_FEATURE:1cxx_alias_templates
    Feature record: CXX_FEATURE:1cxx_alignas
    Feature record: CXX_FEATURE:1cxx_alignof
    Feature record: CXX_FEATURE:1cxx_attributes
    Feature record: CXX_FEATURE:0cxx_attribute_deprecated
    Feature record: CXX_FEATURE:1cxx_auto_type
    Feature record: CXX_FEATURE:0cxx_binary_literals
    Feature record: CXX_FEATURE:1cxx_constexpr
    Feature record: CXX_FEATURE:0cxx_contextual_conversions
    Feature record: CXX_FEATURE:1cxx_decltype
    Feature record: CXX_FEATURE:0cxx_decltype_auto
    Feature record: CXX_FEATURE:1cxx_decltype_incomplete_return_types
    Feature record: CXX_FEATURE:1cxx_default_function_template_args
    Feature record: CXX_FEATURE:1cxx_defaulted_functions
    Feature record: CXX_FEATURE:1cxx_defaulted_move_initializers
    Feature record: CXX_FEATURE:1cxx_delegating_constructors
    Feature record: CXX_FEATURE:1cxx_deleted_functions
    Feature record: CXX_FEATURE:0cxx_digit_separators
    Feature record: CXX_FEATURE:1cxx_enum_forward_declarations
    Feature record: CXX_FEATURE:1cxx_explicit_conversions
    Feature record: CXX_FEATURE:1cxx_extended_friend_declarations
    Feature record: CXX_FEATURE:1cxx_extern_templates
    Feature record: CXX_FEATURE:1cxx_final
    Feature record: CXX_FEATURE:1cxx_func_identifier
    Feature record: CXX_FEATURE:1cxx_generalized_initializers
    Feature record: CXX_FEATURE:0cxx_generic_lambdas
    Feature record: CXX_FEATURE:1cxx_inheriting_constructors
    Feature record: CXX_FEATURE:1cxx_inline_namespaces
    Feature record: CXX_FEATURE:1cxx_lambdas
    Feature record: CXX_FEATURE:0cxx_lambda_init_captures
    Feature record: CXX_FEATURE:1cxx_local_type_template_args
    Feature record: CXX_FEATURE:1cxx_long_long_type
    Feature record: CXX_FEATURE:1cxx_noexcept
    Feature record: CXX_FEATURE:1cxx_nonstatic_member_init
    Feature record: CXX_FEATURE:1cxx_nullptr
    Feature record: CXX_FEATURE:1cxx_override
    Feature record: CXX_FEATURE:1cxx_range_for
    Feature record: CXX_FEATURE:1cxx_raw_string_literals
    Feature record: CXX_FEATURE:1cxx_reference_qualified_functions
    Feature record: CXX_FEATURE:0cxx_relaxed_constexpr
    Feature record: CXX_FEATURE:0cxx_return_type_deduction
    Feature record: CXX_FEATURE:1cxx_right_angle_brackets
    Feature record: CXX_FEATURE:1cxx_rvalue_references
    Feature record: CXX_FEATURE:1cxx_sizeof_member
    Feature record: CXX_FEATURE:1cxx_static_assert
    Feature record: CXX_FEATURE:1cxx_strong_enums
    Feature record: CXX_FEATURE:1cxx_template_template_parameters
    Feature record: CXX_FEATURE:1cxx_thread_local
    Feature record: CXX_FEATURE:1cxx_trailing_return_types
    Feature record: CXX_FEATURE:1cxx_unicode_literals
    Feature record: CXX_FEATURE:1cxx_uniform_initialization
    Feature record: CXX_FEATURE:1cxx_unrestricted_unions
    Feature record: CXX_FEATURE:1cxx_user_literals
    Feature record: CXX_FEATURE:0cxx_variable_templates
    Feature record: CXX_FEATURE:1cxx_variadic_macros
    Feature record: CXX_FEATURE:1cxx_variadic_templates


Detecting CXX [-std=c++98] compiler features compiled with the following output:
Change Dir: /home/jifukui/leveldb/leveldb/CMakeFiles/CMakeTmp

Run Build Command:"/usr/bin/gmake" "cmTC_bf0d0/fast"
/usr/bin/gmake -f CMakeFiles/cmTC_bf0d0.dir/build.make CMakeFiles/cmTC_bf0d0.dir/build
gmake[1]: 进入目录“/home/jifukui/leveldb/leveldb/CMakeFiles/CMakeTmp”
Building CXX object CMakeFiles/cmTC_bf0d0.dir/feature_tests.cxx.o
/usr/bin/c++    -std=c++98 -o CMakeFiles/cmTC_bf0d0.dir/feature_tests.cxx.o -c /home/jifukui/leveldb/leveldb/CMakeFiles/feature_tests.cxx
Linking CXX executable cmTC_bf0d0
/usr/local/bin/cmake -E cmake_link_script CMakeFiles/cmTC_bf0d0.dir/link.txt --verbose=1
/usr/bin/c++       CMakeFiles/cmTC_bf0d0.dir/feature_tests.cxx.o  -o cmTC_bf0d0 
gmake[1]: 离开目录“/home/jifukui/leveldb/leveldb/CMakeFiles/CMakeTmp”


    Feature record: CXX_FEATURE:0cxx_aggregate_default_initializers
    Feature record: CXX_FEATURE:0cxx_alias_templates
    Feature record: CXX_FEATURE:0cxx_alignas
    Feature record: CXX_FEATURE:0cxx_alignof
    Feature record: CXX_FEATURE:0cxx_attributes
    Feature record: CXX_FEATURE:0cxx_attribute_deprecated
    Feature record: CXX_FEATURE:0cxx_auto_type
    Feature record: CXX_FEATURE:0cxx_binary_literals
    Feature record: CXX_FEATURE:0cxx_constexpr
    Feature record: CXX_FEATURE:0cxx_contextual_conversions
    Feature record: CXX_FEATURE:0cxx_decltype
    Feature record: CXX_FEATURE:0cxx_decltype_auto
    Feature record: CXX_FEATURE:0cxx_decltype_incomplete_return_types
    Feature record: CXX_FEATURE:0cxx_default_function_template_args
    Feature record: CXX_FEATURE:0cxx_defaulted_functions
    Feature record: CXX_FEATURE:0cxx_defaulted_move_initializers
    Feature record: CXX_FEATURE:0cxx_delegating_constructors
    Feature record: CXX_FEATURE:0cxx_deleted_functions
    Feature record: CXX_FEATURE:0cxx_digit_separators
    Feature record: CXX_FEATURE:0cxx_enum_forward_declarations
    Feature record: CXX_FEATURE:0cxx_explicit_conversions
    Feature record: CXX_FEATURE:0cxx_extended_friend_declarations
    Feature record: CXX_FEATURE:0cxx_extern_templates
    Feature record: CXX_FEATURE:0cxx_final
    Feature record: CXX_FEATURE:0cxx_func_identifier
    Feature record: CXX_FEATURE:0cxx_generalized_initializers
    Feature record: CXX_FEATURE:0cxx_generic_lambdas
    Feature record: CXX_FEATURE:0cxx_inheriting_constructors
    Feature record: CXX_FEATURE:0cxx_inline_namespaces
    Feature record: CXX_FEATURE:0cxx_lambdas
    Feature record: CXX_FEATURE:0cxx_lambda_init_captures
    Feature record: CXX_FEATURE:0cxx_local_type_template_args
    Feature record: CXX_FEATURE:0cxx_long_long_type
    Feature record: CXX_FEATURE:0cxx_noexcept
    Feature record: CXX_FEATURE:0cxx_nonstatic_member_init
    Feature record: CXX_FEATURE:0cxx_nullptr
    Feature record: CXX_FEATURE:0cxx_override
    Feature record: CXX_FEATURE:0cxx_range_for
    Feature record: CXX_FEATURE:0cxx_raw_string_literals
    Feature record: CXX_FEATURE:0cxx_reference_qualified_functions
    Feature record: CXX_FEATURE:0cxx_relaxed_constexpr
    Feature record: CXX_FEATURE:0cxx_return_type_deduction
    Feature record: CXX_FEATURE:0cxx_right_angle_brackets
    Feature record: CXX_FEATURE:0cxx_rvalue_references
    Feature record: CXX_FEATURE:0cxx_sizeof_member
    Feature record: CXX_FEATURE:0cxx_static_assert
    Feature record: CXX_FEATURE:0cxx_strong_enums
    Feature record: CXX_FEATURE:1cxx_template_template_parameters
    Feature record: CXX_FEATURE:0cxx_thread_local
    Feature record: CXX_FEATURE:0cxx_trailing_return_types
    Feature record: CXX_FEATURE:0cxx_unicode_literals
    Feature record: CXX_FEATURE:0cxx_uniform_initialization
    Feature record: CXX_FEATURE:0cxx_unrestricted_unions
    Feature record: CXX_FEATURE:0cxx_user_literals
    Feature record: CXX_FEATURE:0cxx_variable_templates
    Feature record: CXX_FEATURE:0cxx_variadic_macros
    Feature record: CXX_FEATURE:0cxx_variadic_templates
Determining if the include file sys/types.h exists passed with the following output:
Change Dir: /home/jifukui/leveldb/leveldb/CMakeFiles/CMakeTmp

Run Build Command:"/usr/bin/gmake" "cmTC_db20a/fast"
/usr/bin/gmake -f CMakeFiles/cmTC_db20a.dir/build.make CMakeFiles/cmTC_db20a.dir/build
gmake[1]: 进入目录“/home/jifukui/leveldb/leveldb/CMakeFiles/CMakeTmp”
Building C object CMakeFiles/cmTC_db20a.dir/CheckIncludeFile.c.o
/usr/bin/cc   -std=c11 -o CMakeFiles/cmTC_db20a.dir/CheckIncludeFile.c.o   -c /home/jifukui/leveldb/leveldb/CMakeFiles/CMakeTmp/CheckIncludeFile.c
Linking C executable cmTC_db20a
/usr/local/bin/cmake -E cmake_link_script CMakeFiles/cmTC_db20a.dir/link.txt --verbose=1
/usr/bin/cc      CMakeFiles/cmTC_db20a.dir/CheckIncludeFile.c.o  -o cmTC_db20a 
gmake[1]: 离开目录“/home/jifukui/leveldb/leveldb/CMakeFiles/CMakeTmp”


Determining if the include file stdint.h exists passed with the following output:
Change Dir: /home/jifukui/leveldb/leveldb/CMakeFiles/CMakeTmp

Run Build Command:"/usr/bin/gmake" "cmTC_192d9/fast"
/usr/bin/gmake -f CMakeFiles/cmTC_192d9.dir/build.make CMakeFiles/cmTC_192d9.dir/build
gmake[1]: 进入目录“/home/jifukui/leveldb/leveldb/CMakeFiles/CMakeTmp”
Building C object CMakeFiles/cmTC_192d9.dir/CheckIncludeFile.c.o
/usr/bin/cc   -std=c11 -o CMakeFiles/cmTC_192d9.dir/CheckIncludeFile.c.o   -c /home/jifukui/leveldb/leveldb/CMakeFiles/CMakeTmp/CheckIncludeFile.c
Linking C executable cmTC_192d9
/usr/local/bin/cmake -E cmake_link_script CMakeFiles/cmTC_192d9.dir/link.txt --verbose=1
/usr/bin/cc      CMakeFiles/cmTC_192d9.dir/CheckIncludeFile.c.o  -o cmTC_192d9 
gmake[1]: 离开目录“/home/jifukui/leveldb/leveldb/CMakeFiles/CMakeTmp”


Determining if the include file stddef.h exists passed with the following output:
Change Dir: /home/jifukui/leveldb/leveldb/CMakeFiles/CMakeTmp

Run Build Command:"/usr/bin/gmake" "cmTC_294c1/fast"
/usr/bin/gmake -f CMakeFiles/cmTC_294c1.dir/build.make CMakeFiles/cmTC_294c1.dir/build
gmake[1]: 进入目录“/home/jifukui/leveldb/leveldb/CMakeFiles/CMakeTmp”
Building C object CMakeFiles/cmTC_294c1.dir/CheckIncludeFile.c.o
/usr/bin/cc   -std=c11 -o CMakeFiles/cmTC_294c1.dir/CheckIncludeFile.c.o   -c /home/jifukui/leveldb/leveldb/CMakeFiles/CMakeTmp/CheckIncludeFile.c
Linking C executable cmTC_294c1
/usr/local/bin/cmake -E cmake_link_script CMakeFiles/cmTC_294c1.dir/link.txt --verbose=1
/usr/bin/cc      CMakeFiles/cmTC_294c1.dir/CheckIncludeFile.c.o  -o cmTC_294c1 
gmake[1]: 离开目录“/home/jifukui/leveldb/leveldb/CMakeFiles/CMakeTmp”


Determining size of unsigned short passed with the following output:
Change Dir: /home/jifukui/leveldb/leveldb/CMakeFiles/CMakeTmp

Run Build Command:"/usr/bin/gmake" "cmTC_81f61/fast"
/usr/bin/gmake -f CMakeFiles/cmTC_81f61.dir/build.make CMakeFiles/cmTC_81f61.dir/build
gmake[1]: 进入目录“/home/jifukui/leveldb/leveldb/CMakeFiles/CMakeTmp”
Building C object CMakeFiles/cmTC_81f61.dir/CMAKE_SIZEOF_UNSIGNED_SHORT.c.o
/usr/bin/cc   -std=c11 -o CMakeFiles/cmTC_81f61.dir/CMAKE_SIZEOF_UNSIGNED_SHORT.c.o   -c /home/jifukui/leveldb/leveldb/CMakeFiles/CheckTypeSize/CMAKE_SIZEOF_UNSIGNED_SHORT.c
Linking C executable cmTC_81f61
/usr/local/bin/cmake -E cmake_link_script CMakeFiles/cmTC_81f61.dir/link.txt --verbose=1
/usr/bin/cc      CMakeFiles/cmTC_81f61.dir/CMAKE_SIZEOF_UNSIGNED_SHORT.c.o  -o cmTC_81f61 
gmake[1]: 离开目录“/home/jifukui/leveldb/leveldb/CMakeFiles/CMakeTmp”


Determining if the system is big endian passed with the following output:
Change Dir: /home/jifukui/leveldb/leveldb/CMakeFiles/CMakeTmp

Run Build Command:"/usr/bin/gmake" "cmTC_67584/fast"
/usr/bin/gmake -f CMakeFiles/cmTC_67584.dir/build.make CMakeFiles/cmTC_67584.dir/build
gmake[1]: 进入目录“/home/jifukui/leveldb/leveldb/CMakeFiles/CMakeTmp”
Building C object CMakeFiles/cmTC_67584.dir/TestEndianess.c.o
/usr/bin/cc   -std=c11 -o CMakeFiles/cmTC_67584.dir/TestEndianess.c.o   -c /home/jifukui/leveldb/leveldb/CMakeFiles/CMakeTmp/TestEndianess.c
Linking C executable cmTC_67584
/usr/local/bin/cmake -E cmake_link_script CMakeFiles/cmTC_67584.dir/link.txt --verbose=1
/usr/bin/cc      CMakeFiles/cmTC_67584.dir/TestEndianess.c.o  -o cmTC_67584 
gmake[1]: 离开目录“/home/jifukui/leveldb/leveldb/CMakeFiles/CMakeTmp”

TestEndianess.c:
/* A 16 bit integer is required. */
typedef unsigned short cmakeint16;

/* On a little endian machine, these 16bit ints will give "THIS IS LITTLE ENDIAN."
   On a big endian machine the characters will be exchanged pairwise. */
const cmakeint16 info_little[] =  {0x4854, 0x5349, 0x4920, 0x2053, 0x494c, 0x5454, 0x454c, 0x4520, 0x444e, 0x4149, 0x2e4e, 0x0000};

/* on a big endian machine, these 16bit ints will give "THIS IS BIG ENDIAN."
   On a little endian machine the characters will be exchanged pairwise. */
const cmakeint16 info_big[] =     {0x5448, 0x4953, 0x2049, 0x5320, 0x4249, 0x4720, 0x454e, 0x4449, 0x414e, 0x2e2e, 0x0000};

#ifdef __CLASSIC_C__
int main(argc, argv) int argc; char *argv[];
#else
int main(int argc, char *argv[])
#endif
{
  int require = 0;
  require += info_little[argc];
  require += info_big[argc];
  (void)argv;
  return require;
}


Determining if the include file unistd.h exists passed with the following output:
Change Dir: /home/jifukui/leveldb/leveldb/CMakeFiles/CMakeTmp

Run Build Command:"/usr/bin/gmake" "cmTC_1d73c/fast"
/usr/bin/gmake -f CMakeFiles/cmTC_1d73c.dir/build.make CMakeFiles/cmTC_1d73c.dir/build
gmake[1]: 进入目录“/home/jifukui/leveldb/leveldb/CMakeFiles/CMakeTmp”
Building C object CMakeFiles/cmTC_1d73c.dir/CheckIncludeFile.c.o
/usr/bin/cc   -std=c11 -o CMakeFiles/cmTC_1d73c.dir/CheckIncludeFile.c.o   -c /home/jifukui/leveldb/leveldb/CMakeFiles/CMakeTmp/CheckIncludeFile.c
Linking C executable cmTC_1d73c
/usr/local/bin/cmake -E cmake_link_script CMakeFiles/cmTC_1d73c.dir/link.txt --verbose=1
/usr/bin/cc      CMakeFiles/cmTC_1d73c.dir/CheckIncludeFile.c.o  -o cmTC_1d73c 
gmake[1]: 离开目录“/home/jifukui/leveldb/leveldb/CMakeFiles/CMakeTmp”


Determining if the function snappy_compress exists in the snappy passed with the following output:
Change Dir: /home/jifukui/leveldb/leveldb/CMakeFiles/CMakeTmp

Run Build Command:"/usr/bin/gmake" "cmTC_3b3c5/fast"
/usr/bin/gmake -f CMakeFiles/cmTC_3b3c5.dir/build.make CMakeFiles/cmTC_3b3c5.dir/build
gmake[1]: 进入目录“/home/jifukui/leveldb/leveldb/CMakeFiles/CMakeTmp”
Building C object CMakeFiles/cmTC_3b3c5.dir/CheckFunctionExists.c.o
/usr/bin/cc   -DCHECK_FUNCTION_EXISTS=snappy_compress   -std=c11 -o CMakeFiles/cmTC_3b3c5.dir/CheckFunctionExists.c.o   -c /usr/local/share/cmake-3.13/Modules/CheckFunctionExists.c
Linking C executable cmTC_3b3c5
/usr/local/bin/cmake -E cmake_link_script CMakeFiles/cmTC_3b3c5.dir/link.txt --verbose=1
/usr/bin/cc  -DCHECK_FUNCTION_EXISTS=snappy_compress    CMakeFiles/cmTC_3b3c5.dir/CheckFunctionExists.c.o  -o cmTC_3b3c5 -lsnappy 
gmake[1]: 离开目录“/home/jifukui/leveldb/leveldb/CMakeFiles/CMakeTmp”


Determining if the include file pthread.h exists passed with the following output:
Change Dir: /home/jifukui/leveldb/leveldb/CMakeFiles/CMakeTmp

Run Build Command:"/usr/bin/gmake" "cmTC_eeed3/fast"
/usr/bin/gmake -f CMakeFiles/cmTC_eeed3.dir/build.make CMakeFiles/cmTC_eeed3.dir/build
gmake[1]: 进入目录“/home/jifukui/leveldb/leveldb/CMakeFiles/CMakeTmp”
Building C object CMakeFiles/cmTC_eeed3.dir/CheckIncludeFile.c.o
/usr/bin/cc   -std=c11 -o CMakeFiles/cmTC_eeed3.dir/CheckIncludeFile.c.o   -c /home/jifukui/leveldb/leveldb/CMakeFiles/CMakeTmp/CheckIncludeFile.c
Linking C executable cmTC_eeed3
/usr/local/bin/cmake -E cmake_link_script CMakeFiles/cmTC_eeed3.dir/link.txt --verbose=1
/usr/bin/cc      CMakeFiles/cmTC_eeed3.dir/CheckIncludeFile.c.o  -o cmTC_eeed3 
gmake[1]: 离开目录“/home/jifukui/leveldb/leveldb/CMakeFiles/CMakeTmp”


Determining if the function pthread_create exists in the pthread passed with the following output:
Change Dir: /home/jifukui/leveldb/leveldb/CMakeFiles/CMakeTmp

Run Build Command:"/usr/bin/gmake" "cmTC_cf840/fast"
/usr/bin/gmake -f CMakeFiles/cmTC_cf840.dir/build.make CMakeFiles/cmTC_cf840.dir/build
gmake[1]: 进入目录“/home/jifukui/leveldb/leveldb/CMakeFiles/CMakeTmp”
Building C object CMakeFiles/cmTC_cf840.dir/CheckFunctionExists.c.o
/usr/bin/cc   -DCHECK_FUNCTION_EXISTS=pthread_create   -std=c11 -o CMakeFiles/cmTC_cf840.dir/CheckFunctionExists.c.o   -c /usr/local/share/cmake-3.13/Modules/CheckFunctionExists.c
Linking C executable cmTC_cf840
/usr/local/bin/cmake -E cmake_link_script CMakeFiles/cmTC_cf840.dir/link.txt --verbose=1
/usr/bin/cc  -DCHECK_FUNCTION_EXISTS=pthread_create    CMakeFiles/cmTC_cf840.dir/CheckFunctionExists.c.o  -o cmTC_cf840 -lpthread 
gmake[1]: 离开目录“/home/jifukui/leveldb/leveldb/CMakeFiles/CMakeTmp”


Determining if the function sqlite3_open exists in the sqlite3 passed with the following output:
Change Dir: /home/jifukui/leveldb/leveldb/CMakeFiles/CMakeTmp

Run Build Command:"/usr/bin/gmake" "cmTC_2e98a/fast"
/usr/bin/gmake -f CMakeFiles/cmTC_2e98a.dir/build.make CMakeFiles/cmTC_2e98a.dir/build
gmake[1]: 进入目录“/home/jifukui/leveldb/leveldb/CMakeFiles/CMakeTmp”
Building C object CMakeFiles/cmTC_2e98a.dir/CheckFunctionExists.c.o
/usr/bin/cc   -DCHECK_FUNCTION_EXISTS=sqlite3_open   -std=c11 -o CMakeFiles/cmTC_2e98a.dir/CheckFunctionExists.c.o   -c /usr/local/share/cmake-3.13/Modules/CheckFunctionExists.c
Linking C executable cmTC_2e98a
/usr/local/bin/cmake -E cmake_link_script CMakeFiles/cmTC_2e98a.dir/link.txt --verbose=1
/usr/bin/cc  -DCHECK_FUNCTION_EXISTS=sqlite3_open    CMakeFiles/cmTC_2e98a.dir/CheckFunctionExists.c.o  -o cmTC_2e98a -lsqlite3 
gmake[1]: 离开目录“/home/jifukui/leveldb/leveldb/CMakeFiles/CMakeTmp”


