The system is: Linux - 3.10.0-693.17.1.el7.centos.plus.i686 - i686
Compiling the C compiler identification source file "CMakeCCompilerId.c" succeeded.
Compiler: /usr/bin/cc 
Build flags: 
Id flags:  

The output was:
0


Compilation of the C compiler identification source "CMakeCCompilerId.c" produced "a.out"

The C compiler identification is GNU, found in "/home/jifukui/leveldb/leveldb/build/CMakeFiles/3.13.0-rc3/CompilerIdC/a.out"

Compiling the CXX compiler identification source file "CMakeCXXCompilerId.cpp" succeeded.
Compiler: /usr/bin/c++ 
Build flags: 
Id flags:  

The output was:
0


Compilation of the CXX compiler identification source "CMakeCXXCompilerId.cpp" produced "a.out"

The CXX compiler identification is GNU, found in "/home/jifukui/leveldb/leveldb/build/CMakeFiles/3.13.0-rc3/CompilerIdCXX/a.out"

Determining if the C compiler works passed with the following output:
Change Dir: /home/jifukui/leveldb/leveldb/build/CMakeFiles/CMakeTmp

Run Build Command:"/usr/bin/gmake" "cmTC_99f37/fast"
/usr/bin/gmake -f CMakeFiles/cmTC_99f37.dir/build.make CMakeFiles/cmTC_99f37.dir/build
gmake[1]: 进入目录“/home/jifukui/leveldb/leveldb/build/CMakeFiles/CMakeTmp”
Building C object CMakeFiles/cmTC_99f37.dir/testCCompiler.c.o
/usr/bin/cc    -o CMakeFiles/cmTC_99f37.dir/testCCompiler.c.o   -c /home/jifukui/leveldb/leveldb/build/CMakeFiles/CMakeTmp/testCCompiler.c
Linking C executable cmTC_99f37
/usr/local/bin/cmake -E cmake_link_script CMakeFiles/cmTC_99f37.dir/link.txt --verbose=1
/usr/bin/cc      CMakeFiles/cmTC_99f37.dir/testCCompiler.c.o  -o cmTC_99f37 
gmake[1]: 离开目录“/home/jifukui/leveldb/leveldb/build/CMakeFiles/CMakeTmp”


Detecting C compiler ABI info compiled with the following output:
Change Dir: /home/jifukui/leveldb/leveldb/build/CMakeFiles/CMakeTmp

Run Build Command:"/usr/bin/gmake" "cmTC_86eb1/fast"
/usr/bin/gmake -f CMakeFiles/cmTC_86eb1.dir/build.make CMakeFiles/cmTC_86eb1.dir/build
gmake[1]: 进入目录“/home/jifukui/leveldb/leveldb/build/CMakeFiles/CMakeTmp”
Building C object CMakeFiles/cmTC_86eb1.dir/CMakeCCompilerABI.c.o
/usr/bin/cc    -o CMakeFiles/cmTC_86eb1.dir/CMakeCCompilerABI.c.o   -c /usr/local/share/cmake-3.13/Modules/CMakeCCompilerABI.c
Linking C executable cmTC_86eb1
/usr/local/bin/cmake -E cmake_link_script CMakeFiles/cmTC_86eb1.dir/link.txt --verbose=1
/usr/bin/cc     -v CMakeFiles/cmTC_86eb1.dir/CMakeCCompilerABI.c.o  -o cmTC_86eb1 
使用内建 specs。
COLLECT_GCC=/usr/bin/cc
COLLECT_LTO_WRAPPER=/usr/libexec/gcc/i686-redhat-linux/4.8.5/lto-wrapper
目标：i686-redhat-linux
配置为：../configure --prefix=/usr --mandir=/usr/share/man --infodir=/usr/share/info --with-bugurl=http://bugzilla.redhat.com/bugzilla --enable-bootstrap --enable-shared --enable-threads=posix --enable-checking=release --with-system-zlib --enable-__cxa_atexit --disable-libunwind-exceptions --enable-gnu-unique-object --enable-linker-build-id --with-linker-hash-style=gnu --enable-languages=c,c++,objc,obj-c++,java,fortran,ada,go,lto --enable-plugin --enable-initfini-array --disable-libgcj --with-isl=/builddir/build/BUILD/gcc-4.8.5-20150702/obj-i686-redhat-linux/isl-install --with-cloog=/builddir/build/BUILD/gcc-4.8.5-20150702/obj-i686-redhat-linux/cloog-install --enable-gnu-indirect-function --with-tune=generic --with-arch=x86-64 --build=i686-redhat-linux
线程模型：posix
gcc 版本 4.8.5 20150623 (Red Hat 4.8.5-16) (GCC) 
COMPILER_PATH=/usr/libexec/gcc/i686-redhat-linux/4.8.5/:/usr/libexec/gcc/i686-redhat-linux/4.8.5/:/usr/libexec/gcc/i686-redhat-linux/:/usr/lib/gcc/i686-redhat-linux/4.8.5/:/usr/lib/gcc/i686-redhat-linux/
LIBRARY_PATH=/usr/lib/gcc/i686-redhat-linux/4.8.5/:/usr/lib/gcc/i686-redhat-linux/4.8.5/../../../:/lib/:/usr/lib/
COLLECT_GCC_OPTIONS='-v' '-o' 'cmTC_86eb1' '-mtune=generic' '-march=x86-64'
 /usr/libexec/gcc/i686-redhat-linux/4.8.5/collect2 --build-id --no-add-needed --eh-frame-hdr --hash-style=gnu -m elf_i386 -dynamic-linker /lib/ld-linux.so.2 -o cmTC_86eb1 /usr/lib/gcc/i686-redhat-linux/4.8.5/../../../crt1.o /usr/lib/gcc/i686-redhat-linux/4.8.5/../../../crti.o /usr/lib/gcc/i686-redhat-linux/4.8.5/crtbegin.o -L/usr/lib/gcc/i686-redhat-linux/4.8.5 -L/usr/lib/gcc/i686-redhat-linux/4.8.5/../../.. CMakeFiles/cmTC_86eb1.dir/CMakeCCompilerABI.c.o -lgcc --as-needed -lgcc_s --no-as-needed -lc -lgcc --as-needed -lgcc_s --no-as-needed /usr/lib/gcc/i686-redhat-linux/4.8.5/crtend.o /usr/lib/gcc/i686-redhat-linux/4.8.5/../../../crtn.o
gmake[1]: 离开目录“/home/jifukui/leveldb/leveldb/build/CMakeFiles/CMakeTmp”


Parsed C implicit link information from above output:
  link line regex: [^( *|.*[/\])(ld|CMAKE_LINK_STARTFILE-NOTFOUND|([^/\]+-)?ld|collect2)[^/\]*( |$)]
  ignore line: [Change Dir: /home/jifukui/leveldb/leveldb/build/CMakeFiles/CMakeTmp]
  ignore line: []
  ignore line: [Run Build Command:"/usr/bin/gmake" "cmTC_86eb1/fast"]
  ignore line: [/usr/bin/gmake -f CMakeFiles/cmTC_86eb1.dir/build.make CMakeFiles/cmTC_86eb1.dir/build]
  ignore line: [gmake[1]: 进入目录“/home/jifukui/leveldb/leveldb/build/CMakeFiles/CMakeTmp”]
  ignore line: [Building C object CMakeFiles/cmTC_86eb1.dir/CMakeCCompilerABI.c.o]
  ignore line: [/usr/bin/cc    -o CMakeFiles/cmTC_86eb1.dir/CMakeCCompilerABI.c.o   -c /usr/local/share/cmake-3.13/Modules/CMakeCCompilerABI.c]
  ignore line: [Linking C executable cmTC_86eb1]
  ignore line: [/usr/local/bin/cmake -E cmake_link_script CMakeFiles/cmTC_86eb1.dir/link.txt --verbose=1]
  ignore line: [/usr/bin/cc     -v CMakeFiles/cmTC_86eb1.dir/CMakeCCompilerABI.c.o  -o cmTC_86eb1 ]
  ignore line: [使用内建 specs。]
  ignore line: [COLLECT_GCC=/usr/bin/cc]
  ignore line: [COLLECT_LTO_WRAPPER=/usr/libexec/gcc/i686-redhat-linux/4.8.5/lto-wrapper]
  ignore line: [目标：i686-redhat-linux]
  ignore line: [配置为：../configure --prefix=/usr --mandir=/usr/share/man --infodir=/usr/share/info --with-bugurl=http://bugzilla.redhat.com/bugzilla --enable-bootstrap --enable-shared --enable-threads=posix --enable-checking=release --with-system-zlib --enable-__cxa_atexit --disable-libunwind-exceptions --enable-gnu-unique-object --enable-linker-build-id --with-linker-hash-style=gnu --enable-languages=c,c++,objc,obj-c++,java,fortran,ada,go,lto --enable-plugin --enable-initfini-array --disable-libgcj --with-isl=/builddir/build/BUILD/gcc-4.8.5-20150702/obj-i686-redhat-linux/isl-install --with-cloog=/builddir/build/BUILD/gcc-4.8.5-20150702/obj-i686-redhat-linux/cloog-install --enable-gnu-indirect-function --with-tune=generic --with-arch=x86-64 --build=i686-redhat-linux]
  ignore line: [线程模型：posix]
  ignore line: [gcc 版本 4.8.5 20150623 (Red Hat 4.8.5-16) (GCC) ]
  ignore line: [COMPILER_PATH=/usr/libexec/gcc/i686-redhat-linux/4.8.5/:/usr/libexec/gcc/i686-redhat-linux/4.8.5/:/usr/libexec/gcc/i686-redhat-linux/:/usr/lib/gcc/i686-redhat-linux/4.8.5/:/usr/lib/gcc/i686-redhat-linux/]
  ignore line: [LIBRARY_PATH=/usr/lib/gcc/i686-redhat-linux/4.8.5/:/usr/lib/gcc/i686-redhat-linux/4.8.5/../../../:/lib/:/usr/lib/]
  ignore line: [COLLECT_GCC_OPTIONS='-v' '-o' 'cmTC_86eb1' '-mtune=generic' '-march=x86-64']
  link line: [ /usr/libexec/gcc/i686-redhat-linux/4.8.5/collect2 --build-id --no-add-needed --eh-frame-hdr --hash-style=gnu -m elf_i386 -dynamic-linker /lib/ld-linux.so.2 -o cmTC_86eb1 /usr/lib/gcc/i686-redhat-linux/4.8.5/../../../crt1.o /usr/lib/gcc/i686-redhat-linux/4.8.5/../../../crti.o /usr/lib/gcc/i686-redhat-linux/4.8.5/crtbegin.o -L/usr/lib/gcc/i686-redhat-linux/4.8.5 -L/usr/lib/gcc/i686-redhat-linux/4.8.5/../../.. CMakeFiles/cmTC_86eb1.dir/CMakeCCompilerABI.c.o -lgcc --as-needed -lgcc_s --no-as-needed -lc -lgcc --as-needed -lgcc_s --no-as-needed /usr/lib/gcc/i686-redhat-linux/4.8.5/crtend.o /usr/lib/gcc/i686-redhat-linux/4.8.5/../../../crtn.o]
    arg [/usr/libexec/gcc/i686-redhat-linux/4.8.5/collect2] ==> ignore
    arg [--build-id] ==> ignore
    arg [--no-add-needed] ==> ignore
    arg [--eh-frame-hdr] ==> ignore
    arg [--hash-style=gnu] ==> ignore
    arg [-m] ==> ignore
    arg [elf_i386] ==> ignore
    arg [-dynamic-linker] ==> ignore
    arg [/lib/ld-linux.so.2] ==> ignore
    arg [-o] ==> ignore
    arg [cmTC_86eb1] ==> ignore
    arg [/usr/lib/gcc/i686-redhat-linux/4.8.5/../../../crt1.o] ==> ignore
    arg [/usr/lib/gcc/i686-redhat-linux/4.8.5/../../../crti.o] ==> ignore
    arg [/usr/lib/gcc/i686-redhat-linux/4.8.5/crtbegin.o] ==> ignore
    arg [-L/usr/lib/gcc/i686-redhat-linux/4.8.5] ==> dir [/usr/lib/gcc/i686-redhat-linux/4.8.5]
    arg [-L/usr/lib/gcc/i686-redhat-linux/4.8.5/../../..] ==> dir [/usr/lib/gcc/i686-redhat-linux/4.8.5/../../..]
    arg [CMakeFiles/cmTC_86eb1.dir/CMakeCCompilerABI.c.o] ==> ignore
    arg [-lgcc] ==> lib [gcc]
    arg [--as-needed] ==> ignore
    arg [-lgcc_s] ==> lib [gcc_s]
    arg [--no-as-needed] ==> ignore
    arg [-lc] ==> lib [c]
    arg [-lgcc] ==> lib [gcc]
    arg [--as-needed] ==> ignore
    arg [-lgcc_s] ==> lib [gcc_s]
    arg [--no-as-needed] ==> ignore
    arg [/usr/lib/gcc/i686-redhat-linux/4.8.5/crtend.o] ==> ignore
    arg [/usr/lib/gcc/i686-redhat-linux/4.8.5/../../../crtn.o] ==> ignore
  collapse library dir [/usr/lib/gcc/i686-redhat-linux/4.8.5] ==> [/usr/lib/gcc/i686-redhat-linux/4.8.5]
  collapse library dir [/usr/lib/gcc/i686-redhat-linux/4.8.5/../../..] ==> [/usr/lib]
  implicit libs: [gcc;gcc_s;c;gcc;gcc_s]
  implicit dirs: [/usr/lib/gcc/i686-redhat-linux/4.8.5;/usr/lib]
  implicit fwks: []




Detecting C [-std=c11] compiler features compiled with the following output:
Change Dir: /home/jifukui/leveldb/leveldb/build/CMakeFiles/CMakeTmp

Run Build Command:"/usr/bin/gmake" "cmTC_a9649/fast"
/usr/bin/gmake -f CMakeFiles/cmTC_a9649.dir/build.make CMakeFiles/cmTC_a9649.dir/build
gmake[1]: 进入目录“/home/jifukui/leveldb/leveldb/build/CMakeFiles/CMakeTmp”
Building C object CMakeFiles/cmTC_a9649.dir/feature_tests.c.o
/usr/bin/cc   -std=c11 -o CMakeFiles/cmTC_a9649.dir/feature_tests.c.o   -c /home/jifukui/leveldb/leveldb/build/CMakeFiles/feature_tests.c
Linking C executable cmTC_a9649
/usr/local/bin/cmake -E cmake_link_script CMakeFiles/cmTC_a9649.dir/link.txt --verbose=1
/usr/bin/cc      CMakeFiles/cmTC_a9649.dir/feature_tests.c.o  -o cmTC_a9649 
gmake[1]: 离开目录“/home/jifukui/leveldb/leveldb/build/CMakeFiles/CMakeTmp”


    Feature record: C_FEATURE:1c_function_prototypes
    Feature record: C_FEATURE:1c_restrict
    Feature record: C_FEATURE:1c_static_assert
    Feature record: C_FEATURE:1c_variadic_macros


Detecting C [-std=c99] compiler features compiled with the following output:
Change Dir: /home/jifukui/leveldb/leveldb/build/CMakeFiles/CMakeTmp

Run Build Command:"/usr/bin/gmake" "cmTC_aa40d/fast"
/usr/bin/gmake -f CMakeFiles/cmTC_aa40d.dir/build.make CMakeFiles/cmTC_aa40d.dir/build
gmake[1]: 进入目录“/home/jifukui/leveldb/leveldb/build/CMakeFiles/CMakeTmp”
Building C object CMakeFiles/cmTC_aa40d.dir/feature_tests.c.o
/usr/bin/cc   -std=c99 -o CMakeFiles/cmTC_aa40d.dir/feature_tests.c.o   -c /home/jifukui/leveldb/leveldb/build/CMakeFiles/feature_tests.c
Linking C executable cmTC_aa40d
/usr/local/bin/cmake -E cmake_link_script CMakeFiles/cmTC_aa40d.dir/link.txt --verbose=1
/usr/bin/cc      CMakeFiles/cmTC_aa40d.dir/feature_tests.c.o  -o cmTC_aa40d 
gmake[1]: 离开目录“/home/jifukui/leveldb/leveldb/build/CMakeFiles/CMakeTmp”


    Feature record: C_FEATURE:1c_function_prototypes
    Feature record: C_FEATURE:1c_restrict
    Feature record: C_FEATURE:0c_static_assert
    Feature record: C_FEATURE:1c_variadic_macros


Detecting C [-std=c90] compiler features compiled with the following output:
Change Dir: /home/jifukui/leveldb/leveldb/build/CMakeFiles/CMakeTmp

Run Build Command:"/usr/bin/gmake" "cmTC_f3c51/fast"
/usr/bin/gmake -f CMakeFiles/cmTC_f3c51.dir/build.make CMakeFiles/cmTC_f3c51.dir/build
gmake[1]: 进入目录“/home/jifukui/leveldb/leveldb/build/CMakeFiles/CMakeTmp”
Building C object CMakeFiles/cmTC_f3c51.dir/feature_tests.c.o
/usr/bin/cc   -std=c90 -o CMakeFiles/cmTC_f3c51.dir/feature_tests.c.o   -c /home/jifukui/leveldb/leveldb/build/CMakeFiles/feature_tests.c
Linking C executable cmTC_f3c51
/usr/local/bin/cmake -E cmake_link_script CMakeFiles/cmTC_f3c51.dir/link.txt --verbose=1
/usr/bin/cc      CMakeFiles/cmTC_f3c51.dir/feature_tests.c.o  -o cmTC_f3c51 
gmake[1]: 离开目录“/home/jifukui/leveldb/leveldb/build/CMakeFiles/CMakeTmp”


    Feature record: C_FEATURE:1c_function_prototypes
    Feature record: C_FEATURE:0c_restrict
    Feature record: C_FEATURE:0c_static_assert
    Feature record: C_FEATURE:0c_variadic_macros
Determining if the CXX compiler works passed with the following output:
Change Dir: /home/jifukui/leveldb/leveldb/build/CMakeFiles/CMakeTmp

Run Build Command:"/usr/bin/gmake" "cmTC_8b5be/fast"
/usr/bin/gmake -f CMakeFiles/cmTC_8b5be.dir/build.make CMakeFiles/cmTC_8b5be.dir/build
gmake[1]: 进入目录“/home/jifukui/leveldb/leveldb/build/CMakeFiles/CMakeTmp”
Building CXX object CMakeFiles/cmTC_8b5be.dir/testCXXCompiler.cxx.o
/usr/bin/c++     -o CMakeFiles/cmTC_8b5be.dir/testCXXCompiler.cxx.o -c /home/jifukui/leveldb/leveldb/build/CMakeFiles/CMakeTmp/testCXXCompiler.cxx
Linking CXX executable cmTC_8b5be
/usr/local/bin/cmake -E cmake_link_script CMakeFiles/cmTC_8b5be.dir/link.txt --verbose=1
/usr/bin/c++       CMakeFiles/cmTC_8b5be.dir/testCXXCompiler.cxx.o  -o cmTC_8b5be 
gmake[1]: 离开目录“/home/jifukui/leveldb/leveldb/build/CMakeFiles/CMakeTmp”


Detecting CXX compiler ABI info compiled with the following output:
Change Dir: /home/jifukui/leveldb/leveldb/build/CMakeFiles/CMakeTmp

Run Build Command:"/usr/bin/gmake" "cmTC_c151c/fast"
/usr/bin/gmake -f CMakeFiles/cmTC_c151c.dir/build.make CMakeFiles/cmTC_c151c.dir/build
gmake[1]: 进入目录“/home/jifukui/leveldb/leveldb/build/CMakeFiles/CMakeTmp”
Building CXX object CMakeFiles/cmTC_c151c.dir/CMakeCXXCompilerABI.cpp.o
/usr/bin/c++     -o CMakeFiles/cmTC_c151c.dir/CMakeCXXCompilerABI.cpp.o -c /usr/local/share/cmake-3.13/Modules/CMakeCXXCompilerABI.cpp
Linking CXX executable cmTC_c151c
/usr/local/bin/cmake -E cmake_link_script CMakeFiles/cmTC_c151c.dir/link.txt --verbose=1
/usr/bin/c++      -v CMakeFiles/cmTC_c151c.dir/CMakeCXXCompilerABI.cpp.o  -o cmTC_c151c 
使用内建 specs。
COLLECT_GCC=/usr/bin/c++
COLLECT_LTO_WRAPPER=/usr/libexec/gcc/i686-redhat-linux/4.8.5/lto-wrapper
目标：i686-redhat-linux
配置为：../configure --prefix=/usr --mandir=/usr/share/man --infodir=/usr/share/info --with-bugurl=http://bugzilla.redhat.com/bugzilla --enable-bootstrap --enable-shared --enable-threads=posix --enable-checking=release --with-system-zlib --enable-__cxa_atexit --disable-libunwind-exceptions --enable-gnu-unique-object --enable-linker-build-id --with-linker-hash-style=gnu --enable-languages=c,c++,objc,obj-c++,java,fortran,ada,go,lto --enable-plugin --enable-initfini-array --disable-libgcj --with-isl=/builddir/build/BUILD/gcc-4.8.5-20150702/obj-i686-redhat-linux/isl-install --with-cloog=/builddir/build/BUILD/gcc-4.8.5-20150702/obj-i686-redhat-linux/cloog-install --enable-gnu-indirect-function --with-tune=generic --with-arch=x86-64 --build=i686-redhat-linux
线程模型：posix
gcc 版本 4.8.5 20150623 (Red Hat 4.8.5-16) (GCC) 
COMPILER_PATH=/usr/libexec/gcc/i686-redhat-linux/4.8.5/:/usr/libexec/gcc/i686-redhat-linux/4.8.5/:/usr/libexec/gcc/i686-redhat-linux/:/usr/lib/gcc/i686-redhat-linux/4.8.5/:/usr/lib/gcc/i686-redhat-linux/
LIBRARY_PATH=/usr/lib/gcc/i686-redhat-linux/4.8.5/:/usr/lib/gcc/i686-redhat-linux/4.8.5/../../../:/lib/:/usr/lib/
COLLECT_GCC_OPTIONS='-v' '-o' 'cmTC_c151c' '-shared-libgcc' '-mtune=generic' '-march=x86-64'
 /usr/libexec/gcc/i686-redhat-linux/4.8.5/collect2 --build-id --no-add-needed --eh-frame-hdr --hash-style=gnu -m elf_i386 -dynamic-linker /lib/ld-linux.so.2 -o cmTC_c151c /usr/lib/gcc/i686-redhat-linux/4.8.5/../../../crt1.o /usr/lib/gcc/i686-redhat-linux/4.8.5/../../../crti.o /usr/lib/gcc/i686-redhat-linux/4.8.5/crtbegin.o -L/usr/lib/gcc/i686-redhat-linux/4.8.5 -L/usr/lib/gcc/i686-redhat-linux/4.8.5/../../.. CMakeFiles/cmTC_c151c.dir/CMakeCXXCompilerABI.cpp.o -lstdc++ -lm -lgcc_s -lgcc -lc -lgcc_s -lgcc /usr/lib/gcc/i686-redhat-linux/4.8.5/crtend.o /usr/lib/gcc/i686-redhat-linux/4.8.5/../../../crtn.o
gmake[1]: 离开目录“/home/jifukui/leveldb/leveldb/build/CMakeFiles/CMakeTmp”


Parsed CXX implicit link information from above output:
  link line regex: [^( *|.*[/\])(ld|CMAKE_LINK_STARTFILE-NOTFOUND|([^/\]+-)?ld|collect2)[^/\]*( |$)]
  ignore line: [Change Dir: /home/jifukui/leveldb/leveldb/build/CMakeFiles/CMakeTmp]
  ignore line: []
  ignore line: [Run Build Command:"/usr/bin/gmake" "cmTC_c151c/fast"]
  ignore line: [/usr/bin/gmake -f CMakeFiles/cmTC_c151c.dir/build.make CMakeFiles/cmTC_c151c.dir/build]
  ignore line: [gmake[1]: 进入目录“/home/jifukui/leveldb/leveldb/build/CMakeFiles/CMakeTmp”]
  ignore line: [Building CXX object CMakeFiles/cmTC_c151c.dir/CMakeCXXCompilerABI.cpp.o]
  ignore line: [/usr/bin/c++     -o CMakeFiles/cmTC_c151c.dir/CMakeCXXCompilerABI.cpp.o -c /usr/local/share/cmake-3.13/Modules/CMakeCXXCompilerABI.cpp]
  ignore line: [Linking CXX executable cmTC_c151c]
  ignore line: [/usr/local/bin/cmake -E cmake_link_script CMakeFiles/cmTC_c151c.dir/link.txt --verbose=1]
  ignore line: [/usr/bin/c++      -v CMakeFiles/cmTC_c151c.dir/CMakeCXXCompilerABI.cpp.o  -o cmTC_c151c ]
  ignore line: [使用内建 specs。]
  ignore line: [COLLECT_GCC=/usr/bin/c++]
  ignore line: [COLLECT_LTO_WRAPPER=/usr/libexec/gcc/i686-redhat-linux/4.8.5/lto-wrapper]
  ignore line: [目标：i686-redhat-linux]
  ignore line: [配置为：../configure --prefix=/usr --mandir=/usr/share/man --infodir=/usr/share/info --with-bugurl=http://bugzilla.redhat.com/bugzilla --enable-bootstrap --enable-shared --enable-threads=posix --enable-checking=release --with-system-zlib --enable-__cxa_atexit --disable-libunwind-exceptions --enable-gnu-unique-object --enable-linker-build-id --with-linker-hash-style=gnu --enable-languages=c,c++,objc,obj-c++,java,fortran,ada,go,lto --enable-plugin --enable-initfini-array --disable-libgcj --with-isl=/builddir/build/BUILD/gcc-4.8.5-20150702/obj-i686-redhat-linux/isl-install --with-cloog=/builddir/build/BUILD/gcc-4.8.5-20150702/obj-i686-redhat-linux/cloog-install --enable-gnu-indirect-function --with-tune=generic --with-arch=x86-64 --build=i686-redhat-linux]
  ignore line: [线程模型：posix]
  ignore line: [gcc 版本 4.8.5 20150623 (Red Hat 4.8.5-16) (GCC) ]
  ignore line: [COMPILER_PATH=/usr/libexec/gcc/i686-redhat-linux/4.8.5/:/usr/libexec/gcc/i686-redhat-linux/4.8.5/:/usr/libexec/gcc/i686-redhat-linux/:/usr/lib/gcc/i686-redhat-linux/4.8.5/:/usr/lib/gcc/i686-redhat-linux/]
  ignore line: [LIBRARY_PATH=/usr/lib/gcc/i686-redhat-linux/4.8.5/:/usr/lib/gcc/i686-redhat-linux/4.8.5/../../../:/lib/:/usr/lib/]
  ignore line: [COLLECT_GCC_OPTIONS='-v' '-o' 'cmTC_c151c' '-shared-libgcc' '-mtune=generic' '-march=x86-64']
  link line: [ /usr/libexec/gcc/i686-redhat-linux/4.8.5/collect2 --build-id --no-add-needed --eh-frame-hdr --hash-style=gnu -m elf_i386 -dynamic-linker /lib/ld-linux.so.2 -o cmTC_c151c /usr/lib/gcc/i686-redhat-linux/4.8.5/../../../crt1.o /usr/lib/gcc/i686-redhat-linux/4.8.5/../../../crti.o /usr/lib/gcc/i686-redhat-linux/4.8.5/crtbegin.o -L/usr/lib/gcc/i686-redhat-linux/4.8.5 -L/usr/lib/gcc/i686-redhat-linux/4.8.5/../../.. CMakeFiles/cmTC_c151c.dir/CMakeCXXCompilerABI.cpp.o -lstdc++ -lm -lgcc_s -lgcc -lc -lgcc_s -lgcc /usr/lib/gcc/i686-redhat-linux/4.8.5/crtend.o /usr/lib/gcc/i686-redhat-linux/4.8.5/../../../crtn.o]
    arg [/usr/libexec/gcc/i686-redhat-linux/4.8.5/collect2] ==> ignore
    arg [--build-id] ==> ignore
    arg [--no-add-needed] ==> ignore
    arg [--eh-frame-hdr] ==> ignore
    arg [--hash-style=gnu] ==> ignore
    arg [-m] ==> ignore
    arg [elf_i386] ==> ignore
    arg [-dynamic-linker] ==> ignore
    arg [/lib/ld-linux.so.2] ==> ignore
    arg [-o] ==> ignore
    arg [cmTC_c151c] ==> ignore
    arg [/usr/lib/gcc/i686-redhat-linux/4.8.5/../../../crt1.o] ==> ignore
    arg [/usr/lib/gcc/i686-redhat-linux/4.8.5/../../../crti.o] ==> ignore
    arg [/usr/lib/gcc/i686-redhat-linux/4.8.5/crtbegin.o] ==> ignore
    arg [-L/usr/lib/gcc/i686-redhat-linux/4.8.5] ==> dir [/usr/lib/gcc/i686-redhat-linux/4.8.5]
    arg [-L/usr/lib/gcc/i686-redhat-linux/4.8.5/../../..] ==> dir [/usr/lib/gcc/i686-redhat-linux/4.8.5/../../..]
    arg [CMakeFiles/cmTC_c151c.dir/CMakeCXXCompilerABI.cpp.o] ==> ignore
    arg [-lstdc++] ==> lib [stdc++]
    arg [-lm] ==> lib [m]
    arg [-lgcc_s] ==> lib [gcc_s]
    arg [-lgcc] ==> lib [gcc]
    arg [-lc] ==> lib [c]
    arg [-lgcc_s] ==> lib [gcc_s]
    arg [-lgcc] ==> lib [gcc]
    arg [/usr/lib/gcc/i686-redhat-linux/4.8.5/crtend.o] ==> ignore
    arg [/usr/lib/gcc/i686-redhat-linux/4.8.5/../../../crtn.o] ==> ignore
  collapse library dir [/usr/lib/gcc/i686-redhat-linux/4.8.5] ==> [/usr/lib/gcc/i686-redhat-linux/4.8.5]
  collapse library dir [/usr/lib/gcc/i686-redhat-linux/4.8.5/../../..] ==> [/usr/lib]
  implicit libs: [stdc++;m;gcc_s;gcc;c;gcc_s;gcc]
  implicit dirs: [/usr/lib/gcc/i686-redhat-linux/4.8.5;/usr/lib]
  implicit fwks: []




Detecting CXX [-std=c++1y] compiler features compiled with the following output:
Change Dir: /home/jifukui/leveldb/leveldb/build/CMakeFiles/CMakeTmp

Run Build Command:"/usr/bin/gmake" "cmTC_b864b/fast"
/usr/bin/gmake -f CMakeFiles/cmTC_b864b.dir/build.make CMakeFiles/cmTC_b864b.dir/build
gmake[1]: 进入目录“/home/jifukui/leveldb/leveldb/build/CMakeFiles/CMakeTmp”
Building CXX object CMakeFiles/cmTC_b864b.dir/feature_tests.cxx.o
/usr/bin/c++    -std=c++1y -o CMakeFiles/cmTC_b864b.dir/feature_tests.cxx.o -c /home/jifukui/leveldb/leveldb/build/CMakeFiles/feature_tests.cxx
Linking CXX executable cmTC_b864b
/usr/local/bin/cmake -E cmake_link_script CMakeFiles/cmTC_b864b.dir/link.txt --verbose=1
/usr/bin/c++       CMakeFiles/cmTC_b864b.dir/feature_tests.cxx.o  -o cmTC_b864b 
gmake[1]: 离开目录“/home/jifukui/leveldb/leveldb/build/CMakeFiles/CMakeTmp”


    Feature record: CXX_FEATURE:0cxx_aggregate_default_initializers
    Feature record: CXX_FEATURE:1cxx_alias_templates
    Feature record: CXX_FEATURE:1cxx_alignas
    Feature record: CXX_FEATURE:1cxx_alignof
    Feature record: CXX_FEATURE:1cxx_attributes
    Feature record: CXX_FEATURE:0cxx_attribute_deprecated
    Feature record: CXX_FEATURE:1cxx_auto_type
    Feature record: CXX_FEATURE:0cxx_binary_literals
    Feature record: CXX_FEATURE:1cxx_constexpr
    Feature record: CXX_FEATURE:0cxx_contextual_conversions
    Feature record: CXX_FEATURE:1cxx_decltype
    Feature record: CXX_FEATURE:0cxx_decltype_auto
    Feature record: CXX_FEATURE:1cxx_decltype_incomplete_return_types
    Feature record: CXX_FEATURE:1cxx_default_function_template_args
    Feature record: CXX_FEATURE:1cxx_defaulted_functions
    Feature record: CXX_FEATURE:1cxx_defaulted_move_initializers
    Feature record: CXX_FEATURE:1cxx_delegating_constructors
    Feature record: CXX_FEATURE:1cxx_deleted_functions
    Feature record: CXX_FEATURE:0cxx_digit_separators
    Feature record: CXX_FEATURE:1cxx_enum_forward_declarations
    Feature record: CXX_FEATURE:1cxx_explicit_conversions
    Feature record: CXX_FEATURE:1cxx_extended_friend_declarations
    Feature record: CXX_FEATURE:1cxx_extern_templates
    Feature record: CXX_FEATURE:1cxx_final
    Feature record: CXX_FEATURE:1cxx_func_identifier
    Feature record: CXX_FEATURE:1cxx_generalized_initializers
    Feature record: CXX_FEATURE:0cxx_generic_lambdas
    Feature record: CXX_FEATURE:1cxx_inheriting_constructors
    Feature record: CXX_FEATURE:1cxx_inline_namespaces
    Feature record: CXX_FEATURE:1cxx_lambdas
    Feature record: CXX_FEATURE:0cxx_lambda_init_captures
    Feature record: CXX_FEATURE:1cxx_local_type_template_args
    Feature record: CXX_FEATURE:1cxx_long_long_type
    Feature record: CXX_FEATURE:1cxx_noexcept
    Feature record: CXX_FEATURE:1cxx_nonstatic_member_init
    Feature record: CXX_FEATURE:1cxx_nullptr
    Feature record: CXX_FEATURE:1cxx_override
    Feature record: CXX_FEATURE:1cxx_range_for
    Feature record: CXX_FEATURE:1cxx_raw_string_literals
    Feature record: CXX_FEATURE:1cxx_reference_qualified_functions
    Feature record: CXX_FEATURE:0cxx_relaxed_constexpr
    Feature record: CXX_FEATURE:0cxx_return_type_deduction
    Feature record: CXX_FEATURE:1cxx_right_angle_brackets
    Feature record: CXX_FEATURE:1cxx_rvalue_references
    Feature record: CXX_FEATURE:1cxx_sizeof_member
    Feature record: CXX_FEATURE:1cxx_static_assert
    Feature record: CXX_FEATURE:1cxx_strong_enums
    Feature record: CXX_FEATURE:1cxx_template_template_parameters
    Feature record: CXX_FEATURE:1cxx_thread_local
    Feature record: CXX_FEATURE:1cxx_trailing_return_types
    Feature record: CXX_FEATURE:1cxx_unicode_literals
    Feature record: CXX_FEATURE:1cxx_uniform_initialization
    Feature record: CXX_FEATURE:1cxx_unrestricted_unions
    Feature record: CXX_FEATURE:1cxx_user_literals
    Feature record: CXX_FEATURE:0cxx_variable_templates
    Feature record: CXX_FEATURE:1cxx_variadic_macros
    Feature record: CXX_FEATURE:1cxx_variadic_templates


Detecting CXX [-std=c++11] compiler features compiled with the following output:
Change Dir: /home/jifukui/leveldb/leveldb/build/CMakeFiles/CMakeTmp

Run Build Command:"/usr/bin/gmake" "cmTC_51200/fast"
/usr/bin/gmake -f CMakeFiles/cmTC_51200.dir/build.make CMakeFiles/cmTC_51200.dir/build
gmake[1]: 进入目录“/home/jifukui/leveldb/leveldb/build/CMakeFiles/CMakeTmp”
Building CXX object CMakeFiles/cmTC_51200.dir/feature_tests.cxx.o
/usr/bin/c++    -std=c++11 -o CMakeFiles/cmTC_51200.dir/feature_tests.cxx.o -c /home/jifukui/leveldb/leveldb/build/CMakeFiles/feature_tests.cxx
Linking CXX executable cmTC_51200
/usr/local/bin/cmake -E cmake_link_script CMakeFiles/cmTC_51200.dir/link.txt --verbose=1
/usr/bin/c++       CMakeFiles/cmTC_51200.dir/feature_tests.cxx.o  -o cmTC_51200 
gmake[1]: 离开目录“/home/jifukui/leveldb/leveldb/build/CMakeFiles/CMakeTmp”


    Feature record: CXX_FEATURE:0cxx_aggregate_default_initializers
    Feature record: CXX_FEATURE:1cxx_alias_templates
    Feature record: CXX_FEATURE:1cxx_alignas
    Feature record: CXX_FEATURE:1cxx_alignof
    Feature record: CXX_FEATURE:1cxx_attributes
    Feature record: CXX_FEATURE:0cxx_attribute_deprecated
    Feature record: CXX_FEATURE:1cxx_auto_type
    Feature record: CXX_FEATURE:0cxx_binary_literals
    Feature record: CXX_FEATURE:1cxx_constexpr
    Feature record: CXX_FEATURE:0cxx_contextual_conversions
    Feature record: CXX_FEATURE:1cxx_decltype
    Feature record: CXX_FEATURE:0cxx_decltype_auto
    Feature record: CXX_FEATURE:1cxx_decltype_incomplete_return_types
    Feature record: CXX_FEATURE:1cxx_default_function_template_args
    Feature record: CXX_FEATURE:1cxx_defaulted_functions
    Feature record: CXX_FEATURE:1cxx_defaulted_move_initializers
    Feature record: CXX_FEATURE:1cxx_delegating_constructors
    Feature record: CXX_FEATURE:1cxx_deleted_functions
    Feature record: CXX_FEATURE:0cxx_digit_separators
    Feature record: CXX_FEATURE:1cxx_enum_forward_declarations
    Feature record: CXX_FEATURE:1cxx_explicit_conversions
    Feature record: CXX_FEATURE:1cxx_extended_friend_declarations
    Feature record: CXX_FEATURE:1cxx_extern_templates
    Feature record: CXX_FEATURE:1cxx_final
    Feature record: CXX_FEATURE:1cxx_func_identifier
    Feature record: CXX_FEATURE:1cxx_generalized_initializers
    Feature record: CXX_FEATURE:0cxx_generic_lambdas
    Feature record: CXX_FEATURE:1cxx_inheriting_constructors
    Feature record: CXX_FEATURE:1cxx_inline_namespaces
    Feature record: CXX_FEATURE:1cxx_lambdas
    Feature record: CXX_FEATURE:0cxx_lambda_init_captures
    Feature record: CXX_FEATURE:1cxx_local_type_template_args
    Feature record: CXX_FEATURE:1cxx_long_long_type
    Feature record: CXX_FEATURE:1cxx_noexcept
    Feature record: CXX_FEATURE:1cxx_nonstatic_member_init
    Feature record: CXX_FEATURE:1cxx_nullptr
    Feature record: CXX_FEATURE:1cxx_override
    Feature record: CXX_FEATURE:1cxx_range_for
    Feature record: CXX_FEATURE:1cxx_raw_string_literals
    Feature record: CXX_FEATURE:1cxx_reference_qualified_functions
    Feature record: CXX_FEATURE:0cxx_relaxed_constexpr
    Feature record: CXX_FEATURE:0cxx_return_type_deduction
    Feature record: CXX_FEATURE:1cxx_right_angle_brackets
    Feature record: CXX_FEATURE:1cxx_rvalue_references
    Feature record: CXX_FEATURE:1cxx_sizeof_member
    Feature record: CXX_FEATURE:1cxx_static_assert
    Feature record: CXX_FEATURE:1cxx_strong_enums
    Feature record: CXX_FEATURE:1cxx_template_template_parameters
    Feature record: CXX_FEATURE:1cxx_thread_local
    Feature record: CXX_FEATURE:1cxx_trailing_return_types
    Feature record: CXX_FEATURE:1cxx_unicode_literals
    Feature record: CXX_FEATURE:1cxx_uniform_initialization
    Feature record: CXX_FEATURE:1cxx_unrestricted_unions
    Feature record: CXX_FEATURE:1cxx_user_literals
    Feature record: CXX_FEATURE:0cxx_variable_templates
    Feature record: CXX_FEATURE:1cxx_variadic_macros
    Feature record: CXX_FEATURE:1cxx_variadic_templates


Detecting CXX [-std=c++98] compiler features compiled with the following output:
Change Dir: /home/jifukui/leveldb/leveldb/build/CMakeFiles/CMakeTmp

Run Build Command:"/usr/bin/gmake" "cmTC_14703/fast"
/usr/bin/gmake -f CMakeFiles/cmTC_14703.dir/build.make CMakeFiles/cmTC_14703.dir/build
gmake[1]: 进入目录“/home/jifukui/leveldb/leveldb/build/CMakeFiles/CMakeTmp”
Building CXX object CMakeFiles/cmTC_14703.dir/feature_tests.cxx.o
/usr/bin/c++    -std=c++98 -o CMakeFiles/cmTC_14703.dir/feature_tests.cxx.o -c /home/jifukui/leveldb/leveldb/build/CMakeFiles/feature_tests.cxx
Linking CXX executable cmTC_14703
/usr/local/bin/cmake -E cmake_link_script CMakeFiles/cmTC_14703.dir/link.txt --verbose=1
/usr/bin/c++       CMakeFiles/cmTC_14703.dir/feature_tests.cxx.o  -o cmTC_14703 
gmake[1]: 离开目录“/home/jifukui/leveldb/leveldb/build/CMakeFiles/CMakeTmp”


    Feature record: CXX_FEATURE:0cxx_aggregate_default_initializers
    Feature record: CXX_FEATURE:0cxx_alias_templates
    Feature record: CXX_FEATURE:0cxx_alignas
    Feature record: CXX_FEATURE:0cxx_alignof
    Feature record: CXX_FEATURE:0cxx_attributes
    Feature record: CXX_FEATURE:0cxx_attribute_deprecated
    Feature record: CXX_FEATURE:0cxx_auto_type
    Feature record: CXX_FEATURE:0cxx_binary_literals
    Feature record: CXX_FEATURE:0cxx_constexpr
    Feature record: CXX_FEATURE:0cxx_contextual_conversions
    Feature record: CXX_FEATURE:0cxx_decltype
    Feature record: CXX_FEATURE:0cxx_decltype_auto
    Feature record: CXX_FEATURE:0cxx_decltype_incomplete_return_types
    Feature record: CXX_FEATURE:0cxx_default_function_template_args
    Feature record: CXX_FEATURE:0cxx_defaulted_functions
    Feature record: CXX_FEATURE:0cxx_defaulted_move_initializers
    Feature record: CXX_FEATURE:0cxx_delegating_constructors
    Feature record: CXX_FEATURE:0cxx_deleted_functions
    Feature record: CXX_FEATURE:0cxx_digit_separators
    Feature record: CXX_FEATURE:0cxx_enum_forward_declarations
    Feature record: CXX_FEATURE:0cxx_explicit_conversions
    Feature record: CXX_FEATURE:0cxx_extended_friend_declarations
    Feature record: CXX_FEATURE:0cxx_extern_templates
    Feature record: CXX_FEATURE:0cxx_final
    Feature record: CXX_FEATURE:0cxx_func_identifier
    Feature record: CXX_FEATURE:0cxx_generalized_initializers
    Feature record: CXX_FEATURE:0cxx_generic_lambdas
    Feature record: CXX_FEATURE:0cxx_inheriting_constructors
    Feature record: CXX_FEATURE:0cxx_inline_namespaces
    Feature record: CXX_FEATURE:0cxx_lambdas
    Feature record: CXX_FEATURE:0cxx_lambda_init_captures
    Feature record: CXX_FEATURE:0cxx_local_type_template_args
    Feature record: CXX_FEATURE:0cxx_long_long_type
    Feature record: CXX_FEATURE:0cxx_noexcept
    Feature record: CXX_FEATURE:0cxx_nonstatic_member_init
    Feature record: CXX_FEATURE:0cxx_nullptr
    Feature record: CXX_FEATURE:0cxx_override
    Feature record: CXX_FEATURE:0cxx_range_for
    Feature record: CXX_FEATURE:0cxx_raw_string_literals
    Feature record: CXX_FEATURE:0cxx_reference_qualified_functions
    Feature record: CXX_FEATURE:0cxx_relaxed_constexpr
    Feature record: CXX_FEATURE:0cxx_return_type_deduction
    Feature record: CXX_FEATURE:0cxx_right_angle_brackets
    Feature record: CXX_FEATURE:0cxx_rvalue_references
    Feature record: CXX_FEATURE:0cxx_sizeof_member
    Feature record: CXX_FEATURE:0cxx_static_assert
    Feature record: CXX_FEATURE:0cxx_strong_enums
    Feature record: CXX_FEATURE:1cxx_template_template_parameters
    Feature record: CXX_FEATURE:0cxx_thread_local
    Feature record: CXX_FEATURE:0cxx_trailing_return_types
    Feature record: CXX_FEATURE:0cxx_unicode_literals
    Feature record: CXX_FEATURE:0cxx_uniform_initialization
    Feature record: CXX_FEATURE:0cxx_unrestricted_unions
    Feature record: CXX_FEATURE:0cxx_user_literals
    Feature record: CXX_FEATURE:0cxx_variable_templates
    Feature record: CXX_FEATURE:0cxx_variadic_macros
    Feature record: CXX_FEATURE:0cxx_variadic_templates
Determining if the include file sys/types.h exists passed with the following output:
Change Dir: /home/jifukui/leveldb/leveldb/build/CMakeFiles/CMakeTmp

Run Build Command:"/usr/bin/gmake" "cmTC_a6c86/fast"
/usr/bin/gmake -f CMakeFiles/cmTC_a6c86.dir/build.make CMakeFiles/cmTC_a6c86.dir/build
gmake[1]: 进入目录“/home/jifukui/leveldb/leveldb/build/CMakeFiles/CMakeTmp”
Building C object CMakeFiles/cmTC_a6c86.dir/CheckIncludeFile.c.o
/usr/bin/cc   -std=c11 -o CMakeFiles/cmTC_a6c86.dir/CheckIncludeFile.c.o   -c /home/jifukui/leveldb/leveldb/build/CMakeFiles/CMakeTmp/CheckIncludeFile.c
Linking C executable cmTC_a6c86
/usr/local/bin/cmake -E cmake_link_script CMakeFiles/cmTC_a6c86.dir/link.txt --verbose=1
/usr/bin/cc      CMakeFiles/cmTC_a6c86.dir/CheckIncludeFile.c.o  -o cmTC_a6c86 
gmake[1]: 离开目录“/home/jifukui/leveldb/leveldb/build/CMakeFiles/CMakeTmp”


Determining if the include file stdint.h exists passed with the following output:
Change Dir: /home/jifukui/leveldb/leveldb/build/CMakeFiles/CMakeTmp

Run Build Command:"/usr/bin/gmake" "cmTC_fd282/fast"
/usr/bin/gmake -f CMakeFiles/cmTC_fd282.dir/build.make CMakeFiles/cmTC_fd282.dir/build
gmake[1]: 进入目录“/home/jifukui/leveldb/leveldb/build/CMakeFiles/CMakeTmp”
Building C object CMakeFiles/cmTC_fd282.dir/CheckIncludeFile.c.o
/usr/bin/cc   -std=c11 -o CMakeFiles/cmTC_fd282.dir/CheckIncludeFile.c.o   -c /home/jifukui/leveldb/leveldb/build/CMakeFiles/CMakeTmp/CheckIncludeFile.c
Linking C executable cmTC_fd282
/usr/local/bin/cmake -E cmake_link_script CMakeFiles/cmTC_fd282.dir/link.txt --verbose=1
/usr/bin/cc      CMakeFiles/cmTC_fd282.dir/CheckIncludeFile.c.o  -o cmTC_fd282 
gmake[1]: 离开目录“/home/jifukui/leveldb/leveldb/build/CMakeFiles/CMakeTmp”


Determining if the include file stddef.h exists passed with the following output:
Change Dir: /home/jifukui/leveldb/leveldb/build/CMakeFiles/CMakeTmp

Run Build Command:"/usr/bin/gmake" "cmTC_2f19d/fast"
/usr/bin/gmake -f CMakeFiles/cmTC_2f19d.dir/build.make CMakeFiles/cmTC_2f19d.dir/build
gmake[1]: 进入目录“/home/jifukui/leveldb/leveldb/build/CMakeFiles/CMakeTmp”
Building C object CMakeFiles/cmTC_2f19d.dir/CheckIncludeFile.c.o
/usr/bin/cc   -std=c11 -o CMakeFiles/cmTC_2f19d.dir/CheckIncludeFile.c.o   -c /home/jifukui/leveldb/leveldb/build/CMakeFiles/CMakeTmp/CheckIncludeFile.c
Linking C executable cmTC_2f19d
/usr/local/bin/cmake -E cmake_link_script CMakeFiles/cmTC_2f19d.dir/link.txt --verbose=1
/usr/bin/cc      CMakeFiles/cmTC_2f19d.dir/CheckIncludeFile.c.o  -o cmTC_2f19d 
gmake[1]: 离开目录“/home/jifukui/leveldb/leveldb/build/CMakeFiles/CMakeTmp”


Determining size of unsigned short passed with the following output:
Change Dir: /home/jifukui/leveldb/leveldb/build/CMakeFiles/CMakeTmp

Run Build Command:"/usr/bin/gmake" "cmTC_156ee/fast"
/usr/bin/gmake -f CMakeFiles/cmTC_156ee.dir/build.make CMakeFiles/cmTC_156ee.dir/build
gmake[1]: 进入目录“/home/jifukui/leveldb/leveldb/build/CMakeFiles/CMakeTmp”
Building C object CMakeFiles/cmTC_156ee.dir/CMAKE_SIZEOF_UNSIGNED_SHORT.c.o
/usr/bin/cc   -std=c11 -o CMakeFiles/cmTC_156ee.dir/CMAKE_SIZEOF_UNSIGNED_SHORT.c.o   -c /home/jifukui/leveldb/leveldb/build/CMakeFiles/CheckTypeSize/CMAKE_SIZEOF_UNSIGNED_SHORT.c
Linking C executable cmTC_156ee
/usr/local/bin/cmake -E cmake_link_script CMakeFiles/cmTC_156ee.dir/link.txt --verbose=1
/usr/bin/cc      CMakeFiles/cmTC_156ee.dir/CMAKE_SIZEOF_UNSIGNED_SHORT.c.o  -o cmTC_156ee 
gmake[1]: 离开目录“/home/jifukui/leveldb/leveldb/build/CMakeFiles/CMakeTmp”


Determining if the system is big endian passed with the following output:
Change Dir: /home/jifukui/leveldb/leveldb/build/CMakeFiles/CMakeTmp

Run Build Command:"/usr/bin/gmake" "cmTC_4e9ff/fast"
/usr/bin/gmake -f CMakeFiles/cmTC_4e9ff.dir/build.make CMakeFiles/cmTC_4e9ff.dir/build
gmake[1]: 进入目录“/home/jifukui/leveldb/leveldb/build/CMakeFiles/CMakeTmp”
Building C object CMakeFiles/cmTC_4e9ff.dir/TestEndianess.c.o
/usr/bin/cc   -std=c11 -o CMakeFiles/cmTC_4e9ff.dir/TestEndianess.c.o   -c /home/jifukui/leveldb/leveldb/build/CMakeFiles/CMakeTmp/TestEndianess.c
Linking C executable cmTC_4e9ff
/usr/local/bin/cmake -E cmake_link_script CMakeFiles/cmTC_4e9ff.dir/link.txt --verbose=1
/usr/bin/cc      CMakeFiles/cmTC_4e9ff.dir/TestEndianess.c.o  -o cmTC_4e9ff 
gmake[1]: 离开目录“/home/jifukui/leveldb/leveldb/build/CMakeFiles/CMakeTmp”

TestEndianess.c:
/* A 16 bit integer is required. */
typedef unsigned short cmakeint16;

/* On a little endian machine, these 16bit ints will give "THIS IS LITTLE ENDIAN."
   On a big endian machine the characters will be exchanged pairwise. */
const cmakeint16 info_little[] =  {0x4854, 0x5349, 0x4920, 0x2053, 0x494c, 0x5454, 0x454c, 0x4520, 0x444e, 0x4149, 0x2e4e, 0x0000};

/* on a big endian machine, these 16bit ints will give "THIS IS BIG ENDIAN."
   On a little endian machine the characters will be exchanged pairwise. */
const cmakeint16 info_big[] =     {0x5448, 0x4953, 0x2049, 0x5320, 0x4249, 0x4720, 0x454e, 0x4449, 0x414e, 0x2e2e, 0x0000};

#ifdef __CLASSIC_C__
int main(argc, argv) int argc; char *argv[];
#else
int main(int argc, char *argv[])
#endif
{
  int require = 0;
  require += info_little[argc];
  require += info_big[argc];
  (void)argv;
  return require;
}


Determining if the include file unistd.h exists passed with the following output:
Change Dir: /home/jifukui/leveldb/leveldb/build/CMakeFiles/CMakeTmp

Run Build Command:"/usr/bin/gmake" "cmTC_d3373/fast"
/usr/bin/gmake -f CMakeFiles/cmTC_d3373.dir/build.make CMakeFiles/cmTC_d3373.dir/build
gmake[1]: 进入目录“/home/jifukui/leveldb/leveldb/build/CMakeFiles/CMakeTmp”
Building C object CMakeFiles/cmTC_d3373.dir/CheckIncludeFile.c.o
/usr/bin/cc   -std=c11 -o CMakeFiles/cmTC_d3373.dir/CheckIncludeFile.c.o   -c /home/jifukui/leveldb/leveldb/build/CMakeFiles/CMakeTmp/CheckIncludeFile.c
Linking C executable cmTC_d3373
/usr/local/bin/cmake -E cmake_link_script CMakeFiles/cmTC_d3373.dir/link.txt --verbose=1
/usr/bin/cc      CMakeFiles/cmTC_d3373.dir/CheckIncludeFile.c.o  -o cmTC_d3373 
gmake[1]: 离开目录“/home/jifukui/leveldb/leveldb/build/CMakeFiles/CMakeTmp”


Determining if the function snappy_compress exists in the snappy passed with the following output:
Change Dir: /home/jifukui/leveldb/leveldb/build/CMakeFiles/CMakeTmp

Run Build Command:"/usr/bin/gmake" "cmTC_2ca86/fast"
/usr/bin/gmake -f CMakeFiles/cmTC_2ca86.dir/build.make CMakeFiles/cmTC_2ca86.dir/build
gmake[1]: 进入目录“/home/jifukui/leveldb/leveldb/build/CMakeFiles/CMakeTmp”
Building C object CMakeFiles/cmTC_2ca86.dir/CheckFunctionExists.c.o
/usr/bin/cc   -DCHECK_FUNCTION_EXISTS=snappy_compress   -std=c11 -o CMakeFiles/cmTC_2ca86.dir/CheckFunctionExists.c.o   -c /usr/local/share/cmake-3.13/Modules/CheckFunctionExists.c
Linking C executable cmTC_2ca86
/usr/local/bin/cmake -E cmake_link_script CMakeFiles/cmTC_2ca86.dir/link.txt --verbose=1
/usr/bin/cc  -DCHECK_FUNCTION_EXISTS=snappy_compress    CMakeFiles/cmTC_2ca86.dir/CheckFunctionExists.c.o  -o cmTC_2ca86 -lsnappy 
gmake[1]: 离开目录“/home/jifukui/leveldb/leveldb/build/CMakeFiles/CMakeTmp”


Determining if the include file pthread.h exists passed with the following output:
Change Dir: /home/jifukui/leveldb/leveldb/build/CMakeFiles/CMakeTmp

Run Build Command:"/usr/bin/gmake" "cmTC_cba69/fast"
/usr/bin/gmake -f CMakeFiles/cmTC_cba69.dir/build.make CMakeFiles/cmTC_cba69.dir/build
gmake[1]: 进入目录“/home/jifukui/leveldb/leveldb/build/CMakeFiles/CMakeTmp”
Building C object CMakeFiles/cmTC_cba69.dir/CheckIncludeFile.c.o
/usr/bin/cc   -std=c11 -o CMakeFiles/cmTC_cba69.dir/CheckIncludeFile.c.o   -c /home/jifukui/leveldb/leveldb/build/CMakeFiles/CMakeTmp/CheckIncludeFile.c
Linking C executable cmTC_cba69
/usr/local/bin/cmake -E cmake_link_script CMakeFiles/cmTC_cba69.dir/link.txt --verbose=1
/usr/bin/cc      CMakeFiles/cmTC_cba69.dir/CheckIncludeFile.c.o  -o cmTC_cba69 
gmake[1]: 离开目录“/home/jifukui/leveldb/leveldb/build/CMakeFiles/CMakeTmp”


Determining if the function pthread_create exists in the pthread passed with the following output:
Change Dir: /home/jifukui/leveldb/leveldb/build/CMakeFiles/CMakeTmp

Run Build Command:"/usr/bin/gmake" "cmTC_f6d46/fast"
/usr/bin/gmake -f CMakeFiles/cmTC_f6d46.dir/build.make CMakeFiles/cmTC_f6d46.dir/build
gmake[1]: 进入目录“/home/jifukui/leveldb/leveldb/build/CMakeFiles/CMakeTmp”
Building C object CMakeFiles/cmTC_f6d46.dir/CheckFunctionExists.c.o
/usr/bin/cc   -DCHECK_FUNCTION_EXISTS=pthread_create   -std=c11 -o CMakeFiles/cmTC_f6d46.dir/CheckFunctionExists.c.o   -c /usr/local/share/cmake-3.13/Modules/CheckFunctionExists.c
Linking C executable cmTC_f6d46
/usr/local/bin/cmake -E cmake_link_script CMakeFiles/cmTC_f6d46.dir/link.txt --verbose=1
/usr/bin/cc  -DCHECK_FUNCTION_EXISTS=pthread_create    CMakeFiles/cmTC_f6d46.dir/CheckFunctionExists.c.o  -o cmTC_f6d46 -lpthread 
gmake[1]: 离开目录“/home/jifukui/leveldb/leveldb/build/CMakeFiles/CMakeTmp”


Determining if the function sqlite3_open exists in the sqlite3 passed with the following output:
Change Dir: /home/jifukui/leveldb/leveldb/build/CMakeFiles/CMakeTmp

Run Build Command:"/usr/bin/gmake" "cmTC_02a3d/fast"
/usr/bin/gmake -f CMakeFiles/cmTC_02a3d.dir/build.make CMakeFiles/cmTC_02a3d.dir/build
gmake[1]: 进入目录“/home/jifukui/leveldb/leveldb/build/CMakeFiles/CMakeTmp”
Building C object CMakeFiles/cmTC_02a3d.dir/CheckFunctionExists.c.o
/usr/bin/cc   -DCHECK_FUNCTION_EXISTS=sqlite3_open   -std=c11 -o CMakeFiles/cmTC_02a3d.dir/CheckFunctionExists.c.o   -c /usr/local/share/cmake-3.13/Modules/CheckFunctionExists.c
Linking C executable cmTC_02a3d
/usr/local/bin/cmake -E cmake_link_script CMakeFiles/cmTC_02a3d.dir/link.txt --verbose=1
/usr/bin/cc  -DCHECK_FUNCTION_EXISTS=sqlite3_open    CMakeFiles/cmTC_02a3d.dir/CheckFunctionExists.c.o  -o cmTC_02a3d -lsqlite3 
gmake[1]: 离开目录“/home/jifukui/leveldb/leveldb/build/CMakeFiles/CMakeTmp”


